<?xml version="1.0" encoding="UTF-8"?>
<!-- Generated by org.testng.reporters.JUnitXMLReporter -->
<testsuite ignored="0" hostname="LAPTOP-RNF7R3U9" failures="1" tests="1" name="AndroidEmulator" time="81.747" errors="0" timestamp="2021-06-21T17:56:51 EDT">
  <testcase classname="com.qa.runners.RunnerBase" name="scenario" time="17.528">
    <failure type="org.junit.ComparisonFailure" message="expected:&amp;lt;[]Username and passwor...&amp;gt; but was:&amp;lt;[gg]Username and passwor...&amp;gt;">
      <![CDATA[org.junit.ComparisonFailure: expected:<[]Username and passwor...> but was:<[gg]Username and passwor...>
at org.junit.Assert.assertEquals(Assert.java:115)
at org.junit.Assert.assertEquals(Assert.java:144)
at com.qa.stepdef.LogInStepDef.theMessageShouldBeDisplayed(LogInStepDef.java:34)
at ✽.the "ggUsername and password do not match any user in this service." message should be displayed(file:///C:/Users/Qadir/eclipse-workspace/Selenium%20Udemy/CucumberFramework-%20TestNG/src/test/resources/Login.feature:7)
]]>
    </failure>
  </testcase> <!-- scenario -->
</testsuite> <!-- AndroidEmulator -->
