<?xml version="1.0" encoding="UTF-8"?>
<testsuite xmlns:xsi="http://www.w3.org/2001/XMLSchema-instance" xsi:noNamespaceSchemaLocation="https://maven.apache.org/surefire/maven-surefire-plugin/xsd/surefire-test-report-3.0.xsd" version="3.0" name="TestSuite" time="83.8" tests="2" errors="0" skipped="0" failures="2">
  <properties>
[...]
</properties>
  <testcase name="scenario[&quot;Login with invalid user name&quot;, &quot;Optional[Login Scenarios]&quot;](1)" classname="com.qa.runners.MyTestNGRunnerGalaxy9Test" time="10.188">
    <failure message="expected:&lt;[]Username and passwor...&gt; but was:&lt;[gg]Username and passwor...&gt;" type="org.junit.ComparisonFailure"><![CDATA[org.junit.ComparisonFailure: expected:<[]Username and passwor...> but was:<[gg]Username and passwor...>
]]></failure>
    <system-out><![CDATA[[INFO ] 2021-06-21 17:55:32.850 com.qa.utils.ServerManager:20 - starting appium server
&amp#27;&amp#27;[[3355mm[[AAppppiiuumm]]&amp#27;[&amp#27;3[93m9 mW eWleclocmoem et ot oA pApppiiumu m vv1.201.2.2
0.2
&amp#27;[35m[Appium]&amp#27;[39m&amp#27; N[o3n5-md[efAapupium]&amp#27;[3l9tm  sNeornv-edre afragusl:t
 server args:
&amp#27;[35m[Appium]&amp#27;[39m   port: 2&amp#27;1[20355m
[A&amp#27;p[p3i5umm]&amp#27;[[A3p9pmi u m ]p&amp#27;[o3r9tm:   2 2s0e7s4si
onOve&amp#27;r[r3i5dme[:A ptpriuuem]
&amp#27;[39m   sessionOverride: true
&amp#27;[35m[Appium]&amp#27;&amp#27;[[393m 5 m [loAgpFpiiluem:] &amp#27;C[:3\9mU se r sl\oQgaFdir\eclipse-worile: C:\Users\Qadir\eclipse-workspace\Selenium Udemy\CucumberFramework- TestNG\Androidks_paAcned\rSoeilde_nPiiuxme lU4d\eSmeyr\vCeurc.ulmobger
Framework- TestNG\Android_Galaxy S9\Server.log
&amp#27;&amp#27;[[3355mm[[AAppppiiuum]&amp#27;m[3]9m&amp#27; [A3pp9imu mA pRpEiSuTm  hRtEtSpT  ihntterftacep  liinstteernfear sctea rltiesd on 0.0.0.0:22074
tener started on 0.0.0.0:21205
&amp#27;[35m[HTTP]&amp#27;[39m &amp#27;[37m-->&amp#27;[39m &amp#27;[37mGET&amp#27;[39m &amp#27;[37m/wd/hub/status&amp#27;[39m
&amp#27;[35m[HTTP]&amp#27;[39m &amp#27;[90m{}&amp#27;[39m
[debug] &amp#27;[35m[GENERIC]&amp#27;[39m Calling AppiumDriver.getStatus() with args: []
[debug] &amp#27;[35m[GENERIC]&amp#27;[39m Responding to client with driver.getStatus() result: {"build":{"version":"1.20.2"}}
&amp#27;[35m[HTTP]&amp#27;[39m &amp#27;[37m<-- GET /wd/hub/status &amp#27;[39m&amp#27;[32m200&amp#27;[39m &amp#27;[90m6 ms - 68&amp#27;[39m
&amp#27;[35m[HTTP]&amp#27;[39m &amp#27;[90m&amp#27;[39m
&amp#27;[35m[HTTP]&amp#27;[39m &amp#27;[37m-->&amp#27;[39m &amp#27;[37mGET&amp#27;[39m &amp#27;[37m/wd/hub/status&amp#27;[39m
&amp#27;[35m[HTTP]&amp#27;[39m &amp#27;[90m{}&amp#27;[39m
[debug] &amp#27;[35m[GENERIC]&amp#27;[39m Calling AppiumDriver.getStatus() with args: []
[debug] &amp#27;[35m[GENERIC]&amp#27;[39m Responding to client with driver.getStatus() result: {"build":{"version":"1.20.2"}}
&amp#27;[35m[HTTP]&amp#27;[39m &amp#27;[37m<-- GET /wd/hub/status &amp#27;[39m&amp#27;[32m200&amp#27;[39m &amp#27;[90m1 ms - 68&amp#27;[39m
&amp#27;[35m[HTTP]&amp#27;[39m &amp#27;[90m&amp#27;[39m
[INFO ] 2021-06-21 17:55:46.119 com.qa.utils.ServerManager:29 - Appium server started
[INFO ] 2021-06-21 17:55:46.219 com.qa.utils.DriverManager:35 - Initializing driver
Android
[INFO ] 2021-06-21 17:55:46.278 com.qa.utils.CapabilitiesManager:40 - App url is C:\Users\Qadir\eclipse-workspace\Selenium Udemy\CucumberFramework- TestNG\src\test\resources\apps\Saucelabs.apk
&amp#27;[35m[HTTP]&amp#27;[39m &amp#27;[37m-->&amp#27;[39m &amp#27;[37mGET&amp#27;[39m &amp#27;[37m/wd/hub/status&amp#27;[39m
&amp#27;[35m[HTTP]&amp#27;[39m &amp#27;[90m{}&amp#27;[39m
[debug] &amp#27;[35m[GENERIC]&amp#27;[39m Calling AppiumDriver.getStatus() with args: []
[debug] &amp#27;[35m[GENERIC]&amp#27;[39m Responding to client with driver.getStatus() result: {"build":{"version":"1.20.2"}}
&amp#27;[35m[HTTP]&amp#27;[39m &amp#27;[37m<-- GET /wd/hub/status &amp#27;[39m&amp#27;[32m200&amp#27;[39m &amp#27;[90m6 ms - 68&amp#27;[39m
&amp#27;[35m[HTTP]&amp#27;[39m &amp#27;[90m&amp#27;[39m
&amp#27;[35m[HTTP]&amp#27;[39m &amp#27;[37m-->&amp#27;[39m &amp#27;[37mGET&amp#27;[39m &amp#27;[37m/wd/hub/status&amp#27;[39m
&amp#27;[35m[HTTP]&amp#27;[39m &amp#27;[90m{}&amp#27;[39m
[debug] &amp#27;[35m[GENERIC]&amp#27;[39m Calling AppiumDriver.getStatus() with args: []
[debug] &amp#27;[35m[GENERIC]&amp#27;[39m Responding to client with driver.getStatus() result: {"build":{"version":"1.20.2"}}
&amp#27;[35m[HTTP]&amp#27;[39m &amp#27;[37m<-- GET /wd/hub/status &amp#27;[39m&amp#27;[32m200&amp#27;[39m &amp#27;[90m1 ms - 68&amp#27;[39m
&amp#27;[35m[HTTP]&amp#27;[39m &amp#27;[90m&amp#27;[39m
[INFO ] 2021-06-21 17:55:46.417 com.qa.utils.ServerManager:29 - Appium server started
[INFO ] 2021-06-21 17:55:46.418 com.qa.utils.DriverManager:35 - Initializing driver
Android
[INFO ] 2021-06-21 17:55:46.421 com.qa.utils.CapabilitiesManager:40 - App url is C:\Users\Qadir\eclipse-workspace\Selenium Udemy\CucumberFramework- TestNG\src\test\resources\apps\Saucelabs.apk
[debug] &amp#27;[35m[HTTP]&amp#27;[39m Request idempotency key: a483978f-e929-4175-bd72-574e8b0180d0
[debug] &amp#27;[35m[HTTP]&amp#27;[39m Request idempotency key: a8627b6d-1413-4ed1-89ac-4a4461a47b2a
&amp#27;&amp#27;[[3355mm[[HHTTTTP]P&amp#27;][&amp#27;3[93m9 &amp#27;m[ 3&amp#27;[377mm---->>&amp#27;&amp#27;[[3399mm  &amp#27;&amp#27;[[3377mmPPOOSSTT&amp#27;&amp#27;[[3399mm  &amp#27;&amp#27;[[3377mm//wwdd//hhuubb//sseessssiioonn&amp#27;&amp#27;[[3399mm

&amp#27;&amp#27;[[3355mm[[HHTTTTPP]]&amp#27;&amp#27;[[3399mm  &amp#27;&amp#27;[9[09m0{m"{d"edseisrierdeCdaCpaapbabilities":i{l"iatpipe"s:"C:\\"Us:e{r"sa\p\pQ"a:d"iCr:\\\\eUcsleirpss\e\-Qwaodrikrs\p\aecceli\\pSseel-ewnoirukms pUadceem\y\\S\eCluecnuimubme rUFdreammye\w\oCrukc-u mTbeesrtFNrGa\m\eswroc\\rtke-s tT\e\srteNsGo\u\rscrecs\\\\taepspts\\\\rSeasuocuerlcaebss\.\aappkp"s,\"\aSpapuAccetlivaibtsy".:a"pcko"m,."sawpapgAlcatbisvmiotbyi"l:e"apcpo.mM.asiwnaAgcltaibvsimtoyb"i,l"eaappppP.aMcakiangAec":"cotmi.vsiwty"a,"gaplpaPbascmkobaigleea"p:p""c,o"ma.ustwoamgaltaibsmobileapp","automationName":"UIAutomator2","chromeDriverPort":"110001","platformName":"Android","udid":"emulator-5554","deviceName":"Android_Pixel4","systemPort":"10001"},"capabilities":{"firstMatch":[{"appium:app":"C:\\Users\\Qadir\\eclipse-workspace\\Selenium Udemy\\CucumberFramework- TestNG\\src\\test\\resources\\apps\\Saucelabs.apk","appium:appActivity":"com.swaglabsmobileapp.MainActivity","appium:appPackage":"com.swaglabsmobileapp","appium:automationName":"UIAutomator2","chromeDriverPort":"110001","appium:deviceName":"Android_Pixel4","platformName":"android","appium:systemPort":"10001","appium:udid":"emulator-5554"}]}}&amp#27;[39m
onName":"UIAutomator2","chromeDriverPort":"110000","platformName":"Android","udid":"50584a424e443498","deviceName":"Galaxy S9","systemPort":"10000"},"capabilities":{"firstMatch":[{"appium:app":"C:\\Users\\Qadir\\eclipse-workspace\\Selenium Udemy\\CucumberFramework- TestNG\\src\\test\\resources\\apps\\Saucelabs.apk","appium:appActivity":"com.swaglabsmobileapp.MainActivity","appium:appPackage":"com.swaglabsmobileapp","appium:automationName":"UIAutomator2","chromeDriverPort":"110000","appium:deviceName":"Galaxy S9","platformName":"android","appium:systemPort":"10000","appium:udid":"50584a424e443498"}]}}&amp#27;[39m
[debug] &amp#27;[35m[W3C]&amp#27;[39m Calling AppiumDriver.createSession() with args: [{"app":"C:\\Users\\Qadir\\eclipse-workspace\\Selenium Udemy\\CucumberFramework- TestNG\\src\\test\\resources\\apps\\Saucelabs.apk","appActivity":"com.swaglabsmobileapp.MainActivity","appPackage":"com.swaglabsmobileapp","automationName":"UIAutomator2","chromeDriverPort":"110000","platformName":"Android","udid":"50584a424e443498","deviceName":"Galaxy S9","systemPort":"10000"},null,{"firstMatch":[{"appium:app":"C:\\Users\\Qadir\\eclipse-workspace\\Selenium Udemy\\CucumberFramework- TestNG\\src\\test\\resources\\apps\\Saucelabs.apk","appium:appActivity":"com.swaglabsmobileapp.MainA[debug] &amp#27;[35m[W3C]&amp#27;[39m Calling AppcituimvDirtiyv"e,r".acprpiuema:taepSpePsascikoang(e)" :wi"tcho ma.rsgwsa:g l[a{b"sampopb"i:l"eCa:p\p\"U,s"earpsp\i\uQma:daiurt\o\meactliiopnsNea-mweork"s:p"aUcIeA\u\tSoemlaetnoiru2m" ,U"dcehmryo\m\eCDurciuvmebreProFrrta"m:e"w1o1r0k0-0 0T"estNG\\src\\test\\resources\\apps\\Saucelabs.apk","appActivity":"com.swaglabsmobileapp.MainActivity","appPackage":"com.swaglabsmobileapp","automationName":"UIAutomator2","chromeDriverPort":"110001","platformName":"Android","udid":"emulator-5554","deviceName":"Android_Pixel4","systemPort":"10001"},null,{"firstMatch":[{"appium:app":"C:\\Users\\Qadir\\eclipse-workspace\\Selenium Udemy\\CucumberFramework- TestNG\\src\\test\\resources\\apps\\Saucelabs.apk","appium:appActivity":"com.swaglabsmobileapp.MainActivity","appium:appPackage":"com.swaglabsmobileapp","appium:automationName":"UIAutomator2","chromeDriverPort":"110001","appium:deviceName":"Android_Pixel4","platformName":"android","appium:systemPort":"10001","appium:udid":"emulator-5554"}]}]
,"appium:deviceName":"Galaxy S9","platformName":"android","appium:systemPort":"10000","appium:udid":"50584a424e443498"}]}]
[debug] &amp#27;[35m[BaseDriver]&amp#27;[39m Event 'newSessionRequested' logged at 1624312548232 (17:55:48 GMT-0400 (Eastern Daylight Time))
&amp#27;[35m[BaseDriver]&amp#27;[39m The following capabilities are not standard capabilities and should have an extension prefix:
&amp#27;[35m[BaseDriver]&amp#27;[39m   chromeDriverPort
[debug] &amp#27;[35m[BaseDriver]&amp#27;[39m Event 'newSessionRequested' logged at 1624312548242 (17:55:48 GMT-0400 (Eastern Daylight Time))
&amp#27;[35m[BaseDriver]&amp#27;[39m The following capabilities are not standard capabilities and should have an extension prefix:
&amp#27;[35m[BaseDriver]&amp#27;[39m   chromeDriverPort
&amp#27;&amp#27;[35[m3[5Amp[pAipupmi]&amp#27;[39m Aupmpi]um &amp#27;v[13.92m0. Appium v21 .c2r0e.a2t icnrge anteiwn gA nnderwo iAdnUdiraouitdoUmiaatuotro2mDartiovre2rD r(ivv1e.r6 (v11..26)1 .s2e)s ssieosn
sion
[debug] &amp#27;[35m[Appium]&amp#27;[39m T[hdeerbeug ]a r&amp#27;e[ 3n5om [aAcptpiivuem ]s&amp#27;e[s3s9imo nTsh efror cleaneup a
re no active sessions for cleanup
[debug] &amp#27;[debug[]3 5&amp#27;m[Ba[s3e5Dmr[iBvaesre]D&amp#27;r[i3v9m W3C capabilities and MeJSr]&amp#27;ON[W3P9 md We3siCr ecda pcaabpialbiitliietsi easn dw eMrJeS OpNrWoPv iddeesdir
ed ca[pdaebbiulgi]t i&amp#27;e[s3 5mw[eBraes epDrroivviedre]d&amp#27;[
39m Creating session with W3C capabilities: {
[debug] &amp#27;[35m[BaseDriver]&amp#27;[39m   "alwaysMatch": {
[debug] &amp#27;[3[5dme[bBuags]e D&amp#27;r[i3v5em[rB]a&amp#27;s[3e9Dmri v e  r ]"&amp#27;[a3p9pmi umC:rcehartoimnegD rsievsseironP owritt":h  W"31C100 0c0a"p,ab
i[ldietbiuegs]:  &amp#27;{[3
5m[[debBaseDriver]&amp#27;[39m     "platformName": "android",
[debugu] g&amp#27;][ 3&amp#27;[53m5[Bma[sBeasDeriDvreirve]r&amp#27;[]3&amp#27;9[m39   m    " a"appium:app": "C:\\Users\\Qadir\\eclipse-workspace\\Selenium Udemy\\CucumberFramework- TestNG\\src\\tesltw\a\yrseMsaotucrh"c:e s{\\
a[pdpesb\u\gS]a u&amp#27;c[e3l5amb[sB.asaepDkr"i,ve
r]&amp#27;[39m [ d e b u"ga]p p&amp#27;i[u3m5:mc[hBraosmeeDDrriivveerrP]&amp#27;or[t3"9:m   " 1 1 0"0a0p1"pi,um
:[adpepbAucgt]i v&amp#27;i[t3y"5:m ["Bacsome.Dsrwiveaglabsmobileapp.MainActivity",r]&amp#27;[39m  
[debug] &amp#27; [ 3 5"mp[laBtafsoerDmrNiavmeer"]:&amp#27; ["3a9nmd r o i d "",ap
p[iduemb:uagp]p P&amp#27;a[c3k5amg[eB"a: s"ecDormi.vsewr]a&amp#27;g[l3a9bsmm  o b i l"eaapppipu"m,:a
p[pd"e:b u"gC]: &amp#27;[\3\5Umse[rBass\e\DQraidvierr\]\&amp#27;e[c3l9imp s e- w  o"rakpsppaicume:\a\uSetloemnaituimo nUNdaemem"y\:\ C"uUcIAumubteormFartaomre2w"o,rk
-[ dTebeusgtN]G \&amp#27;\[3s5rmc\[\BtaessetD\\rriveesro]ur&amp#27;c[e39sm\ \ a p p s"\a\pSpaiuucme:ldaebvsi.acepNkam"e,
": "Galaxy S9",
[debug] &amp#27;[35m[BaseDriver]&amp#27;[39m     "appium:systemPort": "10000",
[debug] &amp#27;[35m[BaseDriver]&amp#27;[39m     "appium:udid": "50584a424e443498"
[debug] &amp#27;[35m[BaseDriver]&amp#27;[39m   },
[debug] &amp#27;[35m[BaseDriver]&amp#27;[39m   "firstMatch": [
[debug] &amp#27;[35m[BaseDriver]&amp#27;[39m     {}
[debug] &amp#27;[35m[BaseDriver]&amp#27;[39m   ]
[debug] &amp#27;[35m[BaseDriver]&amp#27;[39m }
[debug] &amp#27;[35m[BaseDriver]&amp#27;[39m     "appium:appActivity": "com.swaglabsmobileapp.MainActivity",
[debug] &amp#27;[35m[BaseDriver]&amp#27;[39m     "appium:appPackage": "com.swaglabsmobileapp",
[debug] &amp#27;[35m[BaseDriver]&amp#27;[39m     "appium:automationName": "UIAutomator2",
[debug] &amp#27;[35m[BaseDriver]&amp#27;[39m     "appium:deviceName": "Android_Pixel4",
[debug] &amp#27;[35m[BaseDriver]&amp#27;[39m     "appium:systemPort": "10001",
[debug] &amp#27;[35m[BaseDriver]&amp#27;[39m     "appium:udid": "emulator-5554"
[debug] &amp#27;[35m[BaseDriver]&amp#27;[39m   },
[debug] &amp#27;[35m[BaseDriver]&amp#27;[39m   "firstMatch": [
[debug] &amp#27;[35m[BaseDriver]&amp#27;[39m     {}
[debug] &amp#27;[35m[BaseDriver]&amp#27;[39m   ]
[debug] &amp#27;[35m[BaseDriver]&amp#27;[39m }
&amp#27;[35m[BaseDriver]&amp#27;[39m Number capability passed in as string. Functionality may be compromised.
&amp#27;[35m[BaseDriver]&amp#27;[39m Number capability passed in as string. Functionality may be compromised.
&amp#27;[35m[BaseDriver]&amp#27;[39m Number capability passed in as string. Functionality may be compromised.
&amp#27;[35m[BaseDrive&amp#27;r][&amp#27;35m[[Ba39sme DCraipvaebri]li&amp#27;t[y3 's9yms tNeummPboerrt' cha ngceadp farboim lsitty passerindg  i('n1 0a0s0 1s't)r itnog .i nFteugnecrt (i1o0n0a0l1i).t Tyh imsa ym abye  ccaousmepr ounmeixspeectde.d 
behavior
&amp#27;[35m[BaseDriver]&amp#27;[39m Capability 'chromeDriverPort' changed from string ('110001') to integer (110001). This may cause unexpected behavior
&amp#27;[35m[BaseDriver]&amp#27;[39m Capability 'systemPort' changed from string ('10000') to integer (10000). This may cause unexpected behavior
&amp#27;[35m[BaseDriver]&amp#27;[39m Capability 'chromeDriverPort' changed from string ('110000') to integer (110000). This may cause unexpected behavior
&amp#27;[35m[BaseDriver]&amp#27;[39m Session created with session id: 059cff38-23c6-4ec1-b668-a2ef75d16654
&amp#27;[35m[BaseDriver]&amp#27;[39m Session created with session id: 2ef3d3a1-b647-4f64-98b3-9ea3b799901e
&amp#27;[35m[BaseDriver]&amp#27;[39m Using local app 'C:\Users\Qadir\eclipse-workspace\Selenium Udemy\CucumberFramework- TestNG\src\test\resources\apps\Saucelabs.apk'
[debug] &amp#27;[35m[UiAutomator2]&amp#27;[39m Checking whether app is actually present
&amp#27;[35m[BaseDriver]&amp#27;[39m Using local app 'C:\Users\Qadir\eclipse-workspace\Selenium Udemy\CucumberFramework- TestNG\src\test\resources\apps\Saucelabs.apk'
[debug] &amp#27;[35m[UiAutomator2]&amp#27;[39m Checking whether app is actually present
&amp#27;[&amp#27;3[53m5[mA[DABD]B&amp#27;][&amp#27;3[93m9 mF oFuonudn d3  3' b'ubiulidl-dt-otoolosl's 'f ofloders undlders uner 'C:\Useder 'C:\Userrss\\QQaaddiirr\\ApAppDpaDtaat\aL\Loocacla\lAn\dArnodirdo\iSddk\'S d(kn'e w(ensetwe sft first)i:rst)
:
&amp#27;[35m[ADB]&amp#27;[39m     C:/Users/Qadir/AppData/Local/Android/Sdk/build-tools/30.0.3
&amp#27;[35m[ADB]&amp#27;[39m     C:/Users/Qadir/AppData/Local/Android/Sdk/build-tools&amp#27;/3[03.50m.[3AD
B]&amp#27;[39m     C:/Users/Qadir/AppData/Local/Android/Sdk/build-tools/29.0.2
&amp#27;[35m[ADB]&amp#27;[39m     C:/Users/&amp#27;Q[a3d5imr[/AADpBp]D&amp#27;a[t3a9/mLoc a l/ A n dCr:o/id/SdUks/ebrusi/lQda-dtioro/lAsp/pD2a9t.a/0L.o2ca
l/Android/Sdk/build-tools/28.0.3
&amp#27;[35m[ADB]&amp#27;[39m     C:/Users/Qadir/AppData/Local/Android/Sdk/build-tools/28.0.3
&amp#27;[35m[ADB]&amp#27;[39m Using 'adb.exe' from 'C:\Users\Qadir\AppData\Local\Android\Sdk\platform-tools\adb.exe'
&amp#27;[35m[ADB]&amp#27;[39m Using 'adb.exe' from 'C:\Users\Qadir\AppData\Local\Android\Sdk\platform-tools\adb.exe'
[debug] &amp#27;[35m[ADB]&amp#27;[39m Running 'C:\Users\Qadir\AppData\Local\Android\Sdk\platform-tools\adb.exe -P 5037 start-server'
[debug] &amp#27;[35m[ADB]&amp#27;[39m Running 'C:\Users\Qadir\AppData\Local\Android\Sdk\platform-tools\adb.exe -P 5037 start-server'
&amp#27;[35m[AndroidDriver]&amp#27;[39m Retrieving device list
[debug] &amp#27;[35m[ADB]&amp#27;[39m Trying to find a connected android device
&amp#27;[35m[AndroidDriver]&amp#27;[39m Retrieving device list
[debug] &amp#27;[35m[ADB]&amp#27;[39m Trying to find a connected android device
[[ddeebbuug]g ]&amp#27; &amp#27;[[3355mm[ADB]&amp#27;[39m Ge[tAtDinBg]&amp#27; [c39mo Gentnteicntged  connected dedveivceisce
s
[debug] &amp#27;[35m[ADB]&amp#27;[39m Connected devices: [{"udid":"50584a424e443498","state":"device"},{"udid":"emulator-5554","state":"device"}]
&amp#27;[35m[AndroidDriver]&amp#27;[39m Using device: emulator-5554
&amp#27;[35m[ADB]&amp#27;[39m Using 'adb.exe' from 'C:\Users\Qadir\AppData\Local\Android\Sdk\platform-tools\adb.exe'
[debug] &amp#27;[35m[ADB]&amp#27;[39m Running 'C:\Users\Qadir\AppData\Local\Android\Sdk\platform-tools\adb.exe -P 5037 start-server'
[debug] &amp#27;[35m[ADB]&amp#27;[39m Connected devices: [{"udid":"50584a424e443498","state":"device"},{"udid":"emulator-5554","state":"device"}]
&amp#27;[35m[AndroidDriver]&amp#27;[39m Using device: 50584a424e443498
&amp#27;[35m[ADB]&amp#27;[39m Using 'adb.exe' from 'C:\Users\Qadir\AppData\Local\Android\Sdk\platform-tools\adb.exe'
[debug] &amp#27;[35m[ADB]&amp#27;[39m Running 'C:\Users\Qadir\AppData\Local\Android\Sdk\platform-tools\adb.exe -P 5037 start-server'
[debug] &amp#27;[35m[ADB]&amp#27;[39m Setting device id to emulator-5554
[debug] &amp#27;[35m[ADB]&amp#27;[39m Running 'C:\Users\Qadir\AppData\Local\Android\Sdk\platform-tools\adb.exe -P 5037 -s emulator-5554 shell getprop ro.build.version.sdk'
[debug] &amp#27;[35m[ADB]&amp#27;[39m Setting device id to 50584a424e443498
[debug] &amp#27;[35m[ADB]&amp#27;[39m Running 'C:\Users\Qadir\AppData\Local\Android\Sdk\platform-tools\adb.exe -P 5037 -s 50584a424e443498 shell getprop ro.build.version.sdk'
[debug] &amp#27;[35m[ADB]&amp#27;[39m Current device property 'ro.build.version.sdk': 28
&amp#27;[35m[ADB]&amp#27;[39m Getting device platform version
[debug] &amp#27;[35m[ADB]&amp#27;[39m Running 'C:\Users\Qadir\AppData\Local\Android\Sdk\platform-tools\adb.exe -P 5037 -s emulator-5554 shell getprop ro.build.version.release'
[debug] &amp#27;[35m[ADB]&amp#27;[39m Current device property 'ro.build.version.sdk': 29
&amp#27;[35m[ADB]&amp#27;[39m Getting device platform version
[debug] &amp#27;[35m[ADB]&amp#27;[39m Running 'C:\Users\Qadir\AppData\Local\Android\Sdk\platform-tools\adb.exe -P 5037 -s 50584a424e443498 shell getprop ro.build.version.release'
[debug] &amp#27;[35m[ADB]&amp#27;[39m Current device property 'ro.build.version.release': 9
[debug] &amp#27;[35m[ADB]&amp#27;[39m Device API level: 28
&amp#27;[35m[UiAutomator2]&amp#27;[39m Relaxing hidden api policy
[debug] &amp#27;[35m[ADB]&amp#27;[39m Running 'C:\Users\Qadir\AppData\Local\Android\Sdk\platform-tools\adb.exe -P 5037 -s emulator-5554 shell 'settings put global hidden_api_policy_pre_p_apps 1;settings put global hidden_api_policy_p_apps 1;settings put global hidden_api_policy 1''
[debug] &amp#27;[35m[ADB]&amp#27;[39m Current device property 'ro.build.version.release': 10
[debug] &amp#27;[35m[ADB]&amp#27;[39m Device API level: 29
&amp#27;[35m[UiAutomator2]&amp#27;[39m Relaxing hidden api policy
[debug] &amp#27;[35m[ADB]&amp#27;[39m Running 'C:\Users\Qadir\AppData\Local\Android\Sdk\platform-tools\adb.exe -P 5037 -s 50584a424e443498 shell 'settings put global hidden_api_policy_pre_p_apps 1;settings put global hidden_api_policy_p_apps 1;settings put global hidden_api_policy 1''
[debug] &amp#27;[35m[ADB]&amp#27;[39m Running 'C:\Users\Qadir\AppData\Local\Android\Sdk\platform-tools\adb.exe -P 5037 -s emulator-5554 wait-for-device'
[debug] &amp#27;[35m[ADB]&amp#27;[39m Running 'C:\Users\Qadir\AppData\Local\Android\Sdk\platform-tools\adb.exe -P 5037 -s 50584a424e443498 wait-for-device'
[debug] &amp#27;[35m[ADB]&amp#27;[39m Running 'C:\Users\Qadir\AppData\Local\Android\Sdk\platform-tools\adb.exe -P 5037 -s emulator-5554 shell echo ping'
[debug] &amp#27;[35m[ADB]&amp#27;[39m Running 'C:\Users\Qadir\AppData\Local\Android\Sdk\platform-tools\adb.exe -P 5037 -s 50584a424e443498 shell echo ping'
[debug] &amp#27;[35m[AndroidDriver]&amp#27;[39m Pushing settings apk to device...
[debug] &amp#27;[35m[ADB]&amp#27;[39m Getting install status for io.appium.settings
[debug] &amp#27;[35m[ADB]&amp#27;[39m Running 'C:\Users\Qadir\AppData\Local\Android\Sdk\platform-tools\adb.exe -P 5037 -s emulator-5554 shell dumpsys package io.appium.settings'
[debug] &amp#27;[35m[AndroidDriver]&amp#27;[39m Pushing settings apk to device...
[debug] &amp#27;[35m[ADB]&amp#27;[39m Getting install status for io.appium.settings
[debug] &amp#27;[35m[ADB]&amp#27;[39m Running 'C:\Users\Qadir\AppData\Local\Android\Sdk\platform-tools\adb.exe -P 5037 -s 50584a424e443498 shell dumpsys package io.appium.settings'
[debug] &amp#27;[35m[ADB]&amp#27;[39m 'io.appium.settings' is installed
[debug] &amp#27;[35m[ADB]&amp#27;[39m Getting package info for 'io.appium.settings'
[debug] &amp#27;[35m[ADB]&amp#27;[39m Running 'C:\Users\Qadir\AppData\Local\Android\Sdk\platform-tools\adb.exe -P 5037 -s emulator-5554 shell dumpsys package io.appium.settings'
[debug] &amp#27;[35m[ADB]&amp#27;[39m 'io.appium.settings' is installed
[debug] &amp#27;[35m[ADB]&amp#27;[39m Getting package info for 'io.appium.settings'
[debug] &amp#27;[35m[ADB]&amp#27;[39m Running 'C:\Users\Qadir\AppData\Local\Android\Sdk\platform-tools\adb.exe -P 5037 -s 50584a424e443498 shell dumpsys package io.appium.settings'
[de[bduegb]u &amp#27;[35m[ADgB]&amp#27;[3]9 m&amp#27; [T3h5me[ AvDeBr]s&amp#27;i[o3n9m The  nvaemres ioofn name of the  itnhset ailnlsetda l'lieod .a'piop.iuamp.psieutmt.isnegtst'i nigss 'g riesa tgerre aoterr  eoqrua le qtuoa lt het oa ptphleicat iapoplni cvaetrisoino nv enrasimeo n( 'n3.2.1' >=a '3.m2e. 1(''3).
2.1' >= '3.2.1')
[debug] &amp#27;[35m[ADB]&amp#27;[39m There is no need to install/upgrade 'C:\Users\Qadir\AppData\Roaming\npm\node_modules\appium\node_modules\io.appium.settings\apks\settings_apk-[ddeebbuugg.a]p k&amp#27;'[3
5m[ADB]&amp#27;[39m There is no need to install/upgrade 'C:\Users\Qadir\AppData\Roaming\npm\node_modules\appium\node_modules\io.appium.settings\apks\settings_apk-debug.apk'
[debug] &amp#27;[35m[ADB]&amp#27;[39m Getting IDs of all 'io.appium.settings' processes
[debug] &amp#27;[35m[ADB]&amp#27;[39m Running 'C:\Users\Qadir\AppData\Local\Android\Sdk\platform-tools\adb.exe -P 5037 -s 50584a424e443498 shell 'pgrep --help; echo $?''
[debug] &amp#27;[35m[ADB]&amp#27;[39m Getting IDs of all 'io.appium.settings' processes
[debug] &amp#27;[35m[ADB]&amp#27;[39m Running 'C:\Users\Qadir\AppData\Local\Android\Sdk\platform-tools\adb.exe -P 5037 -s emulator-5554 shell 'pgrep --help; echo $?''
[debug] &amp#27;[35m[ADB]&amp#27;[39m Running 'C:\Users\Qadir\AppData\Local\Android\Sdk\platform-tools\adb.exe -P 5037 -s emulator-5554 shell pgrep -f \(\[\[:blank:\]\]\|\^\)io\.appium\.settings\(\[\[:blank:\]\]\|\$\)'
[debug] &amp#27;[35m[AndroidDriver]&amp#27;[39m io.appium.settings is already running. There is no need to reset its permissions.
[debug] &amp#27;[35m[Logcat]&amp#27;[39m Starting logs capture with command: C:\\Users\\Qadir\\AppData\\Local\\Android\\Sdk\\platform-tools\\adb.exe -P 5037 -s emulator-5554 logcat -v threadtime
[debug] &amp#27;[35m[ADB]&amp#27;[39m Running 'C:\Users\Qadir\AppData\Local\Android\Sdk\platform-tools\adb.exe -P 5037 -s 50584a424e443498 shell pgrep -f \(\[\[:blank:\]\]\|\^\)io\.appium\.settings\(\[\[:blank:\]\]\|\$\)'
[debug] &amp#27;[35m[AndroidDriver]&amp#27;[39m io.appium.settings is already running. There is no need to reset its permissions.
[debug] &amp#27;[35m[ADB]&amp#27;[39m Running 'C:\Users\Qadir\AppData\Local\Android\Sdk\platform-tools\adb.exe -P 5037 -s 50584a424e443498 shell appops set io.appium.settings android:mock_location allow'
[debug] &amp#27;[35m[UiAutomator2]&amp#27;[39m Forwarding UiAutomator2 Server port 6790 to local port 10001
[debug] &amp#27;[35m[ADB]&amp#27;[39m Forwarding system: 10001 to device: 6790
[debug] &amp#27;[35m[ADB]&amp#27;[39m Running 'C:\Users\Qadir\AppData\Local\Android\Sdk\platform-tools\adb.exe -P 5037 -s emulator-5554 forward tcp:10001 tcp:6790'
[debug] &amp#27;[35m[Logcat]&amp#27;[39m Starting logs capture with command: C:\\Users\\Qadir\\AppData\\Local\\Android\\Sdk\\platform-tools\\adb.exe -P 5037 -s 50584a424e443498 logcat -v threadtime
[debug] &amp#27;[35m[ADB]&amp#27;[39m Getting install status for io.appium.uiautomator2.server
[debug] &amp#27;[35m[ADB]&amp#27;[39m Running 'C:\Users\Qadir\AppData\Local\Android\Sdk\platform-tools\adb.exe -P 5037 -s emulator-5554 shell dumpsys package io.appium.uiautomator2.server'
[debug] &amp#27;[35m[UiAutomator2]&amp#27;[39m Forwarding UiAutomator2 Server port 6790 to local port 10000
[debug] &amp#27;[35m[ADB]&amp#27;[39m Forwarding system: 10000 to device: 6790
[debug] &amp#27;[35m[ADB]&amp#27;[39m Running 'C:\Users\Qadir\AppData\Local\Android\Sdk\platform-tools\adb.exe -P 5037 -s 50584a424e443498 forward tcp:10000 tcp:6790'
[debug] &amp#27;[35m[ADB]&amp#27;[39m Getting install status for io.appium.uiautomator2.server
[debug] &amp#27;[35m[ADB]&amp#27;[39m Running 'C:\Users\Qadir\AppData\Local\Android\Sdk\platform-tools\adb.exe -P 5037 -s 50584a424e443498 shell dumpsys package io.appium.uiautomator2.server'
[debug] &amp#27;[35m[ADB]&amp#27;[39m 'io.appium.uiautomator2.server' is installed
[debug] &amp#27;[35m[ADB]&amp#27;[39m Getting package info for 'io.appium.uiautomator2.server'
[debug] &amp#27;[35m[ADB]&amp#27;[39m Running 'C:\Users\Qadir\AppData\Local\Android\Sdk\platform-tools\adb.exe -P 5037 -s emulator-5554 shell dumpsys package io.appium.uiautomator2.server'
[debug] &amp#27;[35m[ADB]&amp#27;[39m 'io.appium.uiautomator2.server' is installed
[debug] &amp#27;[35m[ADB]&amp#27;[39m Getting package info for 'io.appium.uiautomator2.server'
[debug] &amp#27;[35m[ADB]&amp#27;[39m Running 'C:\Users\Qadir\AppData\Local\Android\Sdk\platform-tools\adb.exe -P 5037 -s 50584a424e443498 shell dumpsys package io.appium.uiautomator2.server'
[debug] &amp#27;[35m[ADB]&amp#27;[39m The version name of the installed 'io.appium.uiautomator2.server' is greater or equal to the application version name ('4.17.4' >= '4.17.4')
[debug] &amp#27;[35m[UiAutomator2]&amp#27;[39m io.appium.uiautomator2.server installation state: sameVersionInstalled
[debug] &amp#27;[35m[ADB]&amp#27;[39m Checking app cert for C:\Users\Qadir\AppData\Roaming\npm\node_modules\appium\node_modules\appium-uiautomator2-server\apks\appium-uiautomator2-server-v4.17.4.apk
[debug] &amp#27;[35m[ADB]&amp#27;[39m The version name of the installed 'io.appium.uiautomator2.server' is greater or equal to the application version name ('4.17.4' >= '4.17.4')
[debug] &amp#27;[35m[UiAutomator2]&amp#27;[39m io.appium.uiautomator2.server installation state: sameVersionInstalled
[debug] &amp#27;[35m[ADB]&amp#27;[39m Checking app cert for C:\Users\Qadir\AppData\Roaming\npm\node_modules\appium\node_modules\appium-uiautomator2-server\apks\appium-uiautomator2-server-v4.17.4.apk
&amp#27;[35m[ADB]&amp#27;[39m Using 'apksigner.jar' from 'C:\Users\Qadir\AppData\Local\Android\Sdk\build-tools\30.0.3\lib\apksigner.jar'
[debug] &amp#27;[35m[ADB]&amp#27;[39m Starting apksigner: 'C:\\Program Files\\Java\\jdk-10.0.2\\bin\\java.exe' -Xmx1024M -Xss1m -jar C:\\Users\\Qadir\\AppData\\Local\\Android\\Sdk\\build-tools\\30.0.3\\lib\\apksigner.jar verify --print-certs C:\\Users\\Qadir\\AppData\\Roaming\\npm\\node_modules\\appium\\node_modules\\appium-uiautomator2-server\\apks\\appium-uiautomator2-server-v4.17.4.apk
&amp#27;[35m[ADB]&amp#27;[39m Using 'apksigner.jar' from 'C:\Users\Qadir\AppData\Local\Android\Sdk\build-tools\30.0.3\lib\apksigner.jar'
[debug] &amp#27;[35m[ADB]&amp#27;[39m Starting apksigner: 'C:\\Program Files\\Java\\jdk-10.0.2\\bin\\java.exe' -Xmx1024M -Xss1m -jar C:\\Users\\Qadir\\AppData\\Local\\Android\\Sdk\\build-tools\\30.0.3\\lib\\apksigner.jar verify --print-certs C:\\Users\\Qadir\\AppData\\Roaming\\npm\\node_modules\\appium\\node_modules\\appium-uiautomator2-server\\apks\\appium-uiautomator2-server-v4.17.4.apk
[debug] &amp#27;[35m[ADB]&amp#27;[39m apksigner stdout: Signer #1 certificate DN: EMAILADDRESS=android@android.com, CN=Android, OU=Android, O=Android, L=Mountain View, ST=California, C=US
[debug] &amp#27;[35m[ADB]&amp#27;[39m Signer #1 certificate SHA-256 digest: a40da80a59d170caa950cf15c18c454d47a39b26989d8b640ecd745ba71bf5dc
[debug] &amp#27;[35m[ADB]&amp#27;[39m Signer #1 certificate SHA-1 digest: 61ed377e85d386a8dfee6b864bd85b0bfaa5af81
[debug] &amp#27;[35m[ADB]&amp#27;[39m Signer #1 certificate MD5 digest: e89b158e4bcf988ebd09eb83f5378e87
[debug] &amp#27;[35m[ADB]&amp#27;[39m 
[debug] &amp#27;[35m[ADB]&amp#27;[39m apksigner stdout: Signer #1 certificate DN: EMAILADDRESS=android@android.com, CN=Android, OU=Android, O=Android, L=Mountain View, ST=California, C=US
[debug] &amp#27;[35m[ADB]&amp#27;[39m Signer #1 certificate SHA-256 digest: a40da80a59d170caa950cf15c18c454d47a39b26989d8b640ecd745ba71bf5dc
[debug] &amp#27;[35m[ADB]&amp#27;[39m Signer #1 certificate SHA-1 digest: 61ed377e85d386a8dfee6b864bd85b0bfaa5af81
[debug] &amp#27;[35m[ADB]&amp#27;[39m Signer #1 certificate MD5 digest: e89b158e4bcf988ebd09eb83f5378e87
[debug] &amp#27;[35m[ADB]&amp#27;[39m 
[debug] &amp#27;[35m[ADB]&amp#27;[39m sha256 hash did match for 'appium-uiautomator2-server-v4.17.4.apk'
&amp#27;[35m[ADB]&amp#27;[39m 'C:\Users\Qadir\AppData\Roaming\npm\node_modules\appium\node_modules\appium-uiautomator2-server\apks\appium-uiautomator2-server-v4.17.4.apk' is signed with the default certificate
[debug] &amp#27;[35m[ADB]&amp#27;[39m Getting install status for io.appium.uiautomator2.server.test
[debug] &amp#27;[35m[ADB]&amp#27;[39m Running 'C:\Users\Qadir\AppData\Local\Android\Sdk\platform-tools\adb.exe -P 5037 -s 50584a424e443498 shell dumpsys package io.appium.uiautomator2.server.test'
[debug] &amp#27;[35m[ADB]&amp#27;[39m sha256 hash did match for 'appium-uiautomator2-server-v4.17.4.apk'
&amp#27;[35m[ADB]&amp#27;[39m 'C:\Users\Qadir\AppData\Roaming\npm\node_modules\appium\node_modules\appium-uiautomator2-server\apks\appium-uiautomator2-server-v4.17.4.apk' is signed with the default certificate
[debug] &amp#27;[35m[ADB]&amp#27;[39m Getting install status for io.appium.uiautomator2.server.test
[debug] &amp#27;[35m[ADB]&amp#27;[39m Running 'C:\Users\Qadir\AppData\Local\Android\Sdk\platform-tools\adb.exe -P 5037 -s emulator-5554 shell dumpsys package io.appium.uiautomator2.server.test'
[debug] &amp#27;[35m[ADB]&amp#27;[39m 'io.appium.uiautomator2.server.test' is installed
[debug] &amp#27;[35m[ADB]&amp#27;[39m Checking app cert for C:\Users\Qadir\AppData\Roaming\npm\node_modules\appium\node_modules\appium-uiautomator2-server\apks\appium-uiautomator2-server-debug-androidTest.apk
[debug] &amp#27;[35m[ADB]&amp#27;[39m Starting apksigner: 'C:\\Program Files\\Java\\jdk-10.0.2\\bin\\java.exe' -Xmx1024M -Xss1m -jar C:\\Users\\Qadir\\AppData\\Local\\Android\\Sdk\\build-tools\\30.0.3\\lib\\apksigner.jar verify --print-certs C:\\Users\\Qadir\\AppData\\Roaming\\npm\\node_modules\\appium\\node_modules\\appium-uiautomator2-server\\apks\\appium-uiautomator2-server-debug-androidTest.apk
[debug] &amp#27;[35m[ADB]&amp#27;[39m 'io.appium.uiautomator2.server.test' is installed
[debug] &amp#27;[35m[ADB]&amp#27;[39m Checking app cert for C:\Users\Qadir\AppData\Roaming\npm\node_modules\appium\node_modules\appium-uiautomator2-server\apks\appium-uiautomator2-server-debug-androidTest.apk
[debug] &amp#27;[35m[ADB]&amp#27;[39m Starting apksigner: 'C:\\Program Files\\Java\\jdk-10.0.2\\bin\\java.exe' -Xmx1024M -Xss1m -jar C:\\Users\\Qadir\\AppData\\Local\\Android\\Sdk\\build-tools\\30.0.3\\lib\\apksigner.jar verify --print-certs C:\\Users\\Qadir\\AppData\\Roaming\\npm\\node_modules\\appium\\node_modules\\appium-uiautomator2-server\\apks\\appium-uiautomator2-server-debug-androidTest.apk
[debug] &amp#27;[35m[ADB]&amp#27;[39m apksigner stdout: Signer #1 certificate DN: EMAILADDRESS=android@android.com, CN=Android, OU=Android, O=Android, L=Mountain View, ST=California, C=US
[debug] &amp#27;[35m[ADB]&amp#27;[39m Signer #1 certificate SHA-256 digest: a40da80a59d170caa950cf15c18c454d47a39b26989d8b640ecd745ba71bf5dc
[debug] &amp#27;[35m[ADB]&amp#27;[39m Signer #1 certificate SHA-1 digest: 61ed377e85d386a8dfee6b864bd85b0bfaa5af81
[debug] &amp#27;[35m[ADB]&amp#27;[39m Signer #1 certificate MD5 digest: e89b158e4bcf988ebd09eb83f5378e87
[debug] &amp#27;[35m[ADB]&amp#27;[39m 
[debug] &amp#27;[35m[ADB]&amp#27;[39m apksigner stdout: Signer #1 certificate DN: EMAILADDRESS=android@android.com, CN=Android, OU=Android, O=Android, L=Mountain View, ST=California, C=US
[debug] &amp#27;[35m[ADB]&amp#27;[39m Signer #1 certificate SHA-256 digest: a40da80a59d170caa950cf15c18c454d47a39b26989d8b640ecd745ba71bf5dc
[debug] &amp#27;[35m[ADB]&amp#27;[39m Signer #1 certificate SHA-1 digest: 61ed3[77ed8e5bdu3g8]6 a&amp#27;8[d3f5me[eA6bD8B6]4&amp#27;b[d3895mb 0sbhfaa2a556a fh8a1sh
[debu gd]i d&amp#27; [m3a5tmc[AhD Bf]o&amp#27;r[ 3'9amp pSiiumgn-euri a#u1t ocmearttoirf2i-csaetrve eMrD-5d ebdiugg-easntd: reo8i9dbT1es5t8e.4abpckf'98
8ebd09eb83f5378e87
[debug] &amp#27;[35m[ADB]&amp#27;[39m 
&amp#27;[35m[ADB]&amp#27;[39m '[C:d\ebUusge]r s&amp#27;\[Qa3d5imr[\AADpBp]D&amp#27;a[t3a9\mR osahmai25n6g \nhpams\h ndido dmea_tmcoh dufloers \'aappppiiuumm\-nuoidaeut_ommoadtuloers2\-aspeprivuemr--dueibauugt-oamnadtroori2d-Tseesrtv.earp\ka'p
k&amp#27;s[\3a5pmp[iAuDmB-]u&amp#27;i[a3u9tmo m'aCt:o\Urs2e-rsse\rQvaedri-rd\eAbpupgD-aatna\dRrooaimdiTnegs\tn.pamp\kn'o dies_ msoidgulneesd\ awpiptihu mt\hneo ddee_fmaoudlutl ecse\ratpipfiiucma-tueia
u&amp#27;t[o3m5amt[orUi2A-usetormvaetro\ra2p]k&amp#27;s[\3a9pmp iSuemr-vueira puatcokmaages are not going to be (re)installed
tor2-server-debug-androidTest.apk' is signed with the default certificate
&amp#27;[35m[UiAutomator2]&amp#27;[39m Server packages are not going to be (re)installed
[d[ebduegb]u g] &amp#27;[35m[Ui&amp#27;[35m[UiAutomator2]&amp#27;[39m Waiting up to 30000ms for services to be available
[debug] &amp#27;[35m[ADB]&amp#27;[39m Running 'C:\Users\Qadir\AppData\Local\Android\Sdk\platform-tools\adb.exe -P 5037 -s emulator-5554 shell pm list instrumentation'
Automator2]&amp#27;[39m Waiting up to 30000ms for services to be available
[debug] &amp#27;[35m[ADB]&amp#27;[39m Running 'C:\Users\Qadir\AppData\Local\Android\Sdk\platform-tools\adb.exe -P 5037 -s 50584a424e443498 shell pm list instrumentation'
[debug] &amp#27;[35m[UiAutomator2]&amp#27;[39m Instrumentation target 'io.appium.uiautomator2.server.test/androidx.test.runner.AndroidJUnitRunner' is available
&amp#27;[35m[ADB]&amp#27;[39m Adding packages ["io.appium.settings","io.appium.uiautomator2.server","io.appium.uiautomator2.server.test"] to Doze whitelist
[debug] &amp#27;[35m[ADB]&amp#27;[39m Got the following command chunks to execute: [["dumpsys","deviceidle","whitelist","+io.appium.settings",";","dumpsys","deviceidle","whitelist","+io.appium.uiautomator2.server",";","dumpsys","deviceidle","whitelist","+io.appium.uiautomator2.server.test",";"]]
[debug] &amp#27;[35m[ADB]&amp#27;[39m Running 'C:\Users\Qadir\AppData\Local\Android\Sdk\platform-tools\adb.exe -P 5037 -s emulator-5554 shell dumpsys deviceidle whitelist +io.appium.settings ; dumpsys deviceidle whitelist +io.appium.uiautomator2.server ; dumpsys deviceidle whitelist +io.appium.uiautomator2.server.test ;'
[debug] &amp#27;[35m[UiAutomator2]&amp#27;[39m Instrumentation target 'io.appium.uiautomator2.server.test/androidx.test.runner.AndroidJUnitRunner' is available
&amp#27;[35m[ADB]&amp#27;[39m Adding packages ["io.appium.settings","io.appium.uiautomator2.server","io.appium.uiautomator2.server.test"] to Doze whitelist
[debug] &amp#27;[35m[ADB]&amp#27;[39m Got the following command chunks to execute: [["dumpsys","deviceidle","whitelist","+io.appium.settings",";","dumpsys","deviceidle","whitelist","+io.appium.uiautomator2.server",";","dumpsys","deviceidle","whitelist","+io.appium.uiautomator2.server.test",";"]]
[debug] &amp#27;[35m[ADB]&amp#27;[39m Running 'C:\Users\Qadir\AppData\Local\Android\Sdk\platform-tools\adb.exe -P 5037 -s 50584a424e443498 shell dumpsys deviceidle whitelist +io.appium.settings ; dumpsys deviceidle whitelist +io.appium.uiautomator2.server ; dumpsys deviceidle whitelist +io.appium.uiautomator2.server.test ;'
[debug] &amp#27;[35m[ADB]&amp#27;[39m Checking app cert for C:\Users\Qadir\eclipse-workspace\Selenium Udemy\CucumberFramework- TestNG\src\test\resources\apps\Saucelabs.apk
[debug] &amp#27;[35m[ADB]&amp#27;[39m Starting apksigner: 'C:\\Program Files\\Java\\jdk-10.0.2\\bin\\java.exe' -Xmx1024M -Xss1m -jar C:\\Users\\Qadir\\AppData\\Local\\Android\\Sdk\\build-tools\\30.0.3\\lib\\apksigner.jar verify --print-certs 'C:\\Users\\Qadir\\eclipse-workspace\\Selenium Udemy\\CucumberFramework- TestNG\\src\\test\\resources\\apps\\Saucelabs.apk'
[debug] &amp#27;[35m[ADB]&amp#27;[39m Checking app cert for C:\Users\Qadir\eclipse-workspace\Selenium Udemy\CucumberFramework- TestNG\src\test\resources\apps\Saucelabs.apk
[debug] &amp#27;[35m[ADB]&amp#27;[39m Starting apksigner: 'C:\\Program Files\\Java\\jdk-10.0.2\\bin\\java.exe' -Xmx1024M -Xss1m -jar C:\\Users\\Qadir\\AppData\\Local\\Android\\Sdk\\build-tools\\30.0.3\\lib\\apksigner.jar verify --print-certs 'C:\\Users\\Qadir\\eclipse-workspace\\Selenium Udemy\\CucumberFramework- TestNG\\src\\test\\resources\\apps\\Saucelabs.apk'
[debug] &amp#27;[35m[ADB]&amp#27;[39m apksigner stdout: Signer #1 certificate DN: CN=wswebcreation, OU=sample-app, O=Sauce Labs, L=San Francisco, ST=California, C=CA
[debug] &amp#27;[35m[ADB]&amp#27;[39m Signer #1 certificate SHA-256 digest: 24fd76156cde9748f50e68dbdafde6498ec4beaa41316438d06ffdde41ce7a3d
[debug] &amp#27;[35m[ADB]&amp#27;[39m Signer #1 certificate SHA-1 digest: 2a1a91b5b813edbd94986bffb8398349b9b504e0
[debug] &amp#27;[35m[ADB]&amp#27;[39m Signer #1 certificate MD5 digest: ac89c8eda61ba1f13ee22bae56d13abc
[debug] &amp#27;[35m[ADB]&amp#27;[39m 
&amp#27;[35m[ADB]&amp#27;[39m 'C:\Users\Qadir\eclipse-workspace\Selenium Udemy\CucumberFramework- TestNG\src\test\resources\apps\Saucelabs.apk' is signed with a non-default certificate
[debug] &amp#27;[35m[ADB]&amp#27;[39m Getting install status for com.swaglabsmobileapp
[debug] &amp#27;[35m[ADB]&amp#27;[39m Running 'C:\Users\Qadir\AppData\Local\Android\Sdk\platform-tools\adb.exe -P 5037 -s emulator-5554 shell dumpsys package com.swaglabsmobileapp'
[debug] &amp#27;[35m[ADB]&amp#27;[39m apksigner stdout: Signer #1 certificate DN: CN=wswebcreation, OU=sample-app, O=Sauce Labs, L=San Francisco, ST=California, C=CA
[debug] &amp#27;[35m[ADB]&amp#27;[39m Signer #1 certificate SHA-256 digest: 24fd76156cde9748f50e68dbdafde6498ec4beaa41316438d06ffdde41ce7a3d
[debug] &amp#27;[35m[ADB]&amp#27;[39m Signer #1 certificate SHA-1 digest: 2a1a91b5b813edbd94986bffb8398349b9b504e0
[debug] &amp#27;[35m[ADB]&amp#27;[39m Signer #1 certificate MD5 digest: ac89c8eda61ba1f13ee22bae56d13abc
[debug] &amp#27;[35m[ADB]&amp#27;[39m 
&amp#27;[35m[ADB]&amp#27;[39m 'C:\Users\Qadir\eclipse-workspace\Selenium Udemy\CucumberFramework- TestNG\src\test\resources\apps\Saucelabs.apk' is signed with a non-default certificate
[debug] &amp#27;[35m[ADB]&amp#27;[39m Getting install status for com.swaglabsmobileapp
[debug] &amp#27;[35m[ADB]&amp#27;[39m Running 'C:\Users\Qadir\AppData\Local\Android\Sdk\platform-tools\adb.exe -P 5037 -s 50584a424e443498 shell dumpsys package com.swaglabsmobileapp'
[debug] &amp#27;[35m[ADB]&amp#27;[39m 'com.swaglabsmobileapp' is installed
[debug] &amp#27;[35m[ADB]&amp#27;[39m Getting package info for 'com.swaglabsmobileapp'
[debug] &amp#27;[35m[ADB]&amp#27;[39m Running 'C:\Users\Qadir\AppData\Local\Android\Sdk\platform-tools\adb.exe -P 5037 -s emulator-5554 shell dumpsys package com.swaglabsmobileapp'
[debug] &amp#27;[35m[ADB]&amp#27;[39m The version name of the installed 'com.swaglabsmobileapp' is greater or equal to the application version name ('2.7.1' >= '2.7.1')
[debug] &amp#27;[35m[ADB]&amp#27;[39m There is no need to install/upgrade 'C:\Users\Qadir\eclipse-workspace\Selenium Udemy\CucumberFramework- TestNG\src\test\resources\apps\Saucelabs.apk'
&amp#27;[35m[AndroidDriver]&amp#27;[39m Performing fast reset on 'com.swaglabsmobileapp'
[debug] &amp#27;[35m[ADB]&amp#27;[39m Getting install status for com.swaglabsmobileapp
[debug] &amp#27;[35m[ADB]&amp#27;[39m Running 'C:\Users\Qadir\AppData\Local\Android\Sdk\platform-tools\adb.exe -P 5037 -s emulator-5554 shell dumpsys package com.swaglabsmobileapp'
[debug] &amp#27;[35m[ADB]&amp#27;[39m 'com.swaglabsmobileapp' is installed
[debug] &amp#27;[35m[ADB]&amp#27;[39m Running 'C:\Users\Qadir\AppData\Local\Android\Sdk\platform-tools\adb.exe -P 5037 -s emulator-5554 shell am force-stop com.swaglabsmobileapp'
[debug] &amp#27;[35m[ADB]&amp#27;[39m Running 'C:\Users\Qadir\AppData\Local\Android\Sdk\platform-tools\adb.exe -P 5037 -s emulator-5554 shell pm clear com.swaglabsmobileapp'
[debug] &amp#27;[35m[ADB]&amp#27;[39m 'com.swaglabsmobileapp' is installed
[debug] &amp#27;[35m[ADB]&amp#27;[39m Getting package info for 'com.swaglabsmobileapp'
[debug] &amp#27;[35m[ADB]&amp#27;[39m Running 'C:\Users\Qadir\AppData\Local\Android\Sdk\platform-tools\adb.exe -P 5037 -s 50584a424e443498 shell dumpsys package com.swaglabsmobileapp'
[debug] &amp#27;[35m[ADB]&amp#27;[39m The version name of the installed 'com.swaglabsmobileapp' is greater or equal to the application version name ('2.7.1' >= '2.7.1')
[debug] &amp#27;[35m[ADB]&amp#27;[39m There is no need to install/upgrade 'C:\Users\Qadir\eclipse-workspace\Selenium Udemy\CucumberFramework- TestNG\src\test\resources\apps\Saucelabs.apk'
&amp#27;[35m[AndroidDriver]&amp#27;[39m Performing fast reset on 'com.swaglabsmobileapp'
[debug] &amp#27;[35m[ADB]&amp#27;[39m Getting install status for com.swaglabsmobileapp
[debug] &amp#27;[35m[ADB]&amp#27;[39m Running 'C:\Users\Qadir\AppData\Local\Android\Sdk\platform-tools\adb.exe -P 5037 -s 50584a424e443498 shell dumpsys package com.swaglabsmobileapp'
[debug] &amp#27;[35m[ADB]&amp#27;[39m 'com.swaglabsmobileapp' is installed
[debug] &amp#27;[35m[ADB]&amp#27;[39m Running 'C:\Users\Qadir\AppData\Local\Android\Sdk\platform-tools\adb.exe -P 5037 -s 50584a424e443498 shell am force-stop com.swaglabsmobileapp'
[debug] &amp#27;[35m[ADB]&amp#27;[39m Running 'C:\Users\Qadir\AppData\Local\Android\Sdk\platform-tools\adb.exe -P 5037 -s 50584a424e443498 shell pm clear com.swaglabsmobileapp'
[debug] &amp#27;[35m[AndroidDriver]&amp#27;[39m Performed fast reset on the installed 'com.swaglabsmobileapp' application (stop and clear)
[debug] &amp#27;[35m[UiAutomator2]&amp#27;[39m Performing shallow cleanup of automation leftovers
[debug] &amp#27;[35m[UiAutomator2]&amp#27;[39m No obsolete sessions have been detected (socket hang up)
[debug] &amp#27;[35m[ADB]&amp#27;[39m Running 'C:\Users\Qadir\AppData\Local\Android\Sdk\platform-tools\adb.exe -P 5037 -s 50584a424e443498 shell am force-stop io.appium.uiautomator2.server.test'
[debug] &amp#27;[35m[AndroidDriver]&amp#27;[39m Performed fast reset on the installed 'com.swaglabsmobileapp' application (stop and clear)
[debug] &amp#27;[35m[UiAutomator2]&amp#27;[39m Performing shallow cleanup of automation leftovers
&amp#27;[35m[UiAutomator2]&amp#27;[39m Starting UIAutomator2 server 4.17.4
&amp#27;[35m[UiAutomator2]&amp#27;[39m Using UIAutomator2 server from 'C:\Users\Qadir\AppData\Roaming\npm\node_modules\appium\node_modules\appium-uiautomator2-server\apks\appium-uiautomator2-server-v4.17.4.apk' and test from 'C:\Users\Qadir\AppData\Roaming\npm\node_modules\appium\node_modules\appium-uiautomator2-server\apks\appium-uiautomator2-server-debug-androidTest.apk'
&amp#27;[35m[UiAutomator2]&amp#27;[39m Waiting up to 30000ms for UiAutomator2 to be online...
[debug] &amp#27;[35m[ADB]&amp#27;[39m Creating ADB subprocess with args: ["-P",5037,"-s","50584a424e443498","shell","am","instrument","-w","io.appium.uiautomator2.server.test/androidx.test.runner.AndroidJUnitRunner"]
[debug] &amp#27;[35m[WD Proxy]&amp#27;[39m Matched '/status' to command name 'getStatus'
[debug] &amp#27;[35m[WD Proxy]&amp#27;[39m Proxying [GET /status] to [GET http://127.0.0.1:10000/wd/hub/status] with no body
&amp#27;[35m[WD Proxy]&amp#27;[39m socket hang up
[debug] &amp#27;[35m[UiAutomator2]&amp#27;[39m No obsolete sessions have been detected (socket hang up)
[debug] &amp#27;[35m[ADB]&amp#27;[39m Running 'C:\Users\Qadir\AppData\Local\Android\Sdk\platform-tools\adb.exe -P 5037 -s emulator-5554 shell am force-stop io.appium.uiautomator2.server.test'
&amp#27;[35m[UiAutomator2]&amp#27;[39m Starting UIAutomator2 server 4.17.4
&amp#27;[35m[UiAutomator2]&amp#27;[39m Using UIAutomator2 server from 'C:\Users\Qadir\AppData\Roaming\npm\node_modules\appium\node_modules\appium-uiautomator2-server\apks\appium-uiautomator2-server-v4.17.4.apk' and test from 'C:\Users\Qadir\AppData\Roaming\npm\node_modules\appium\node_modules\appium-uiautomator2-server\apks\appium-uiautomator2-server-debug-androidTest.apk'
&amp#27;[35m[UiAutomator2]&amp#27;[39m Waiting up to 30000ms for UiAutomator2 to be online...
[debug] &amp#27;[35m[ADB]&amp#27;[39m Creating ADB subprocess with args: ["-P",5037,"-s","emulator-5554","shell","am","instrument","-w","io.appium.uiautomator2.server.test/androidx.test.runner.AndroidJUnitRunner"]
[debug] &amp#27;[35m[WD Proxy]&amp#27;[39m Matched '/status' to command name 'getStatus'
[debug] &amp#27;[35m[WD Proxy]&amp#27;[39m Proxying [GET /status] to [GET http://127.0.0.1:10001/wd/hub/status] with no body
&amp#27;[35m[WD Proxy]&amp#27;[39m socket hang up
[debug] &amp#27;[35m[WD Proxy]&amp#27;[39m Matched '/status' to command name 'getStatus'
[debug] &amp#27;[35m[WD Proxy]&amp#27;[39m Proxying [GET /status] to [GET http://127.0.0.1:10000/wd/hub/status] with no body
&amp#27;[35m[WD Proxy]&amp#27;[39m socket hang up
[debug] &amp#27;[35m[WD Proxy]&amp#27;[39m Matched '/status' to command name 'getStatus'
[debug] &amp#27;[35m[WD Proxy]&amp#27;[39m Proxying [GET /status] to [GET http://127.0.0.1:10001/wd/hub/status] with no body
&amp#27;[35m[WD Proxy]&amp#27;[39m socket hang up
[debug] &amp#27;[35m[Instrumentation]&amp#27;[39m io.appium.uiautomator2.server.test.AppiumUiAutomator2Server:
[debug] &amp#27;[35m[WD Proxy]&amp#27;[39m Matched '/status' to command name 'getStatus'
[debug] &amp#27;[35m[WD Proxy]&amp#27;[39m Proxying [GET /status] to [GET http://127.0.0.1:10000/wd/hub/status] with no body
&amp#27;[35m[WD Proxy]&amp#27;[39m socket hang up
[debug] &amp#27;[35m[WD Proxy]&amp#27;[39m Matched '/status' to command name 'getStatus'
[debug] &amp#27;[35m[WD Proxy]&amp#27;[39m Proxying [GET /status] to [GET http://127.0.0.1:10001/wd/hub/status] with no body
&amp#27;[35m[WD Proxy]&amp#27;[39m socket hang up
[debug] &amp#27;[35m[WD Proxy]&amp#27;[39m Matched '/status' to command name 'getStatus'
[debug] &amp#27;[35m[WD Proxy]&amp#27;[39m Proxying [GET /status] to [GET http://127.0.0.1:10000/wd/hub/status] with no body
[debug] &amp#27;[35m[WD Proxy]&amp#27;[39m Got response with status 200: {"sessionId":"None","value":{"message":"UiAutomator2 Server is ready to accept commands","ready":true}}
[debug] &amp#27;[35m[UiAutomator2]&amp#27;[39m The initialization of the instrumentation process took 3144ms
[debug] &amp#27;[35m[WD Proxy]&amp#27;[39m Matched '/session' to command name 'createSession'
[debug] &amp#27;[35m[WD Proxy]&amp#27;[39m Proxying [POST /session] to [POST http://127.0.0.1:10000/wd/hub/session] with body: {"capabilities":{"firstMatch":[{"platform":"LINUX","webStorageEnabled":false,"takesScreenshot":true,"javascriptEnabled":true,"databaseEnabled":false,"networkConnectionEnabled":true,"locationContextEnabled":false,"warnings":{},"desired":{"platformName":"android","chromeDriverPort":110000,"app":"C:\\Users\\Qadir\\eclipse-workspace\\Selenium Udemy\\CucumberFramework- TestNG\\src\\test\\resources\\apps\\Saucelabs.apk","appActivity":"com.swaglabsmobileapp.MainActivity","appPackage":"com.swaglabsmobileapp","automationName":"UIAutomator2","deviceName":"Galaxy S9","systemPort":10000,"udid":"50584a424e443498"},"platformName":"android","chromeDriverPort":110000,"app":"C:\\Users\\Qadir\\eclipse-workspace\\Selenium Udemy\\CucumberFramework- TestNG\\src\\test\\resources\\apps\\Saucelabs.apk","appActivity":"com.swaglabsmobileapp.MainActivity","appPackage":"com.swaglabsmobileapp","automationName":"UIAutomator2","deviceName":"50584a424e443498","systemPort":10000,"udid":"50584a424e443498","deviceUDID":"50584a424e443498"}],...
[debug] &amp#27;[35m[WD Proxy]&amp#27;[39m Matched '/status' to command name 'getStatus'
[debug] &amp#27;[35m[WD Proxy]&amp#27;[39m Proxying [GET /status] to [GET http://127.0.0.1:10001/wd/hub/status] with no body
[debug] &amp#27;[35m[WD Proxy]&amp#27;[39m Got response with status 200: {"sessionId":"9ce757c2-589f-4e51-be5c-672f84d5d82f","value":{"capabilities":{"firstMatch":[{"platform":"LINUX","webStorageEnabled":false,"takesScreenshot":true,"javascriptEnabled":true,"databaseEnabled":false,"networkConnectionEnabled":true,"locationContextEnabled":false,"warnings":{},"desired":{"platformName":"android","chromeDriverPort":110000,"app":"C:\\Users\\Qadir\\eclipse-workspace\\Selenium Udemy\\CucumberFramework- TestNG\\src\\test\\resources\\apps\\Saucelabs.apk","appActivity":"com.swaglabsmobileapp.MainActivity","appPackage":"com.swaglabsmobileapp","automationName":"UIAutomator2","deviceName":"Galaxy S9","systemPort":10000,"udid":"50584a424e443498"},"platformName":"android","chromeDriverPort":110000,"app":"C:\\Users\\Qadir\\eclipse-workspace\\Selenium Udemy\\CucumberFramework- TestNG\\src\\test\\resources\\apps\\Saucelabs.apk","appActivity":"com.swaglabsmobileapp.MainActivity","appPackage":"com.swaglabsmobileapp","automationName":"UIAutomator2","deviceName":"50584a424e443498","systemPort":10000,...
&amp#27;[35m[WD Proxy]&amp#27;[39m Determined the downstream protocol as 'W3C'
&amp#27;[35m[WD Proxy]&amp#27;[39m socket hang up
[debug] &amp#27;[35m[WD Proxy]&amp#27;[39m Proxying [GET /appium/device/info] to [GET http://127.0.0.1:10000/wd/hub/session/9ce757c2-589f-4e51-be5c-672f84d5d82f/appium/device/info] with no body
[debug] &amp#27;[35m[WD Proxy]&amp#27;[39m Got response with status 200: {"sessionId":"9ce757c2-589f-4e51-be5c-672f84d5d82f","value":{"androidId":"b753cfe226b32158","apiVersion":"29","bluetooth":{"state":"OFF"},"brand":"samsung","carrierName":"Fido","displayDensity":480,"locale":"en_CA","manufacturer":"samsung","model":"SM-G960W","networks":[{"capabilities":{"SSID":null,"linkDownBandwidthKbps":30000,"linkUpstreamBandwidthKbps":15000,"networkCapabilities":"NET_CAPABILITY_IMS,NET_CAPABILITY_NOT_METERED,NET_CAPABILITY_TRUSTED,NET_CAPABILITY_NOT_VPN,NET_CAPABILITY_VALIDATED,NET_CAPABILITY_NOT_ROAMING,NET_CAPABILITY_FOREGROUND,NET_CAPABILITY_NOT_CONGESTED,NET_CAPABILITY_NOT_SUSPENDED","signalStrength":-2147483648,"transportTypes":"TRANSPORT_CELLULAR"},"detailedState":"CONNECTED","extraInfo":"ims","isAvailable":true,"isConnected":true,"isFailover":false,"isRoaming":false,"state":"CONNECTED","subtype":13,"subtypeName":"LTE","type":0,"typeName":"MOBILE"},{"capabilities":{"SSID":null,"linkDownBandwidthKbps":1048576,"linkUpstreamBandwidthKbps":1048576,"networkCapabilities":"NET_CAPABILIT...
[debug] &amp#27;[35m[ADB]&amp#27;[39m Running 'C:\Users\Qadir\AppData\Local\Android\Sdk\platform-tools\adb.exe -P 5037 -s 50584a424e443498 shell dumpsys window'
&amp#27;[35m[AndroidDriver]&amp#27;[39m Screen already unlocked, doing nothing
&amp#27;[35m[UiAutomator2]&amp#27;[39m Starting 'com.swaglabsmobileapp/com.swaglabsmobileapp.MainActivity and waiting for 'com.swaglabsmobileapp/com.swaglabsmobileapp.MainActivity'
[debug] &amp#27;[35m[ADB]&amp#27;[39m Running 'C:\Users\Qadir\AppData\Local\Android\Sdk\platform-tools\adb.exe -P 5037 -s 50584a424e443498 shell am start -W -n com.swaglabsmobileapp/com.swaglabsmobileapp.MainActivity -S -a android.intent.action.MAIN -c android.intent.category.LAUNCHER -f 0x10200000'
[debug] &amp#27;[35m[WD Proxy]&amp#27;[39m Matched '/status' to command name 'getStatus'
[debug] &amp#27;[35m[WD Proxy]&amp#27;[39m Proxying [GET /status] to [GET http://127.0.0.1:10001/wd/hub/status] with no body
&amp#27;[35m[WD Proxy]&amp#27;[39m socket hang up
[debug] &amp#27;[35m[WD Proxy]&amp#27;[39m Proxying [GET /appium/device/pixel_ratio] to [GET http://127.0.0.1:10000/wd/hub/session/9ce757c2-589f-4e51-be5c-672f84d5d82f/appium/device/pixel_ratio] with no body
[debug] &amp#27;[35m[WD Proxy]&amp#27;[39m Got response with status 200: {"sessionId":"9ce757c2-589f-4e51-be5c-672f84d5d82f","value":3}
[debug] &amp#27;[35m[WD Proxy]&amp#27;[39m Matched '/appium/device/system_bars' to command name 'getSystemBars'
[debug] &amp#27;[35m[WD Proxy]&amp#27;[39m Proxying [GET /appium/device/system_bars] to [GET http://127.0.0.1:10000/wd/hub/session/9ce757c2-589f-4e51-be5c-672f84d5d82f/appium/device/system_bars] with no body
[debug] &amp#27;[35m[WD Proxy]&amp#27;[39m Got response with status 200: {"sessionId":"9ce757c2-589f-4e51-be5c-672f84d5d82f","value":{"statusBar":72}}
[debug] &amp#27;[35m[WD Proxy]&amp#27;[39m Matched '/window/current/size' to command name 'getWindowSize'
[debug] &amp#27;[35m[WD Proxy]&amp#27;[39m Proxying [GET /window/current/size] to [GET http://127.0.0.1:10000/wd/hub/session/9ce757c2-589f-4e51-be5c-672f84d5d82f/window/current/size] with no body
[debug] &amp#27;[35m[WD Proxy]&amp#27;[39m Got response with status 200: {"sessionId":"9ce757c2-589f-4e51-be5c-672f84d5d82f","value":{"height":2175,"width":1080}}
&amp#27;[35m[Appium]&amp#27;[39m New AndroidUiautomator2Driver session created successfully, session 2ef3d3a1-b647-4f64-98b3-9ea3b799901e added to master session list
[debug] &amp#27;[35m[BaseDriver]&amp#27;[39m Event 'newSessionStarted' logged at 1624312570192 (17:56:10 GMT-0400 (Eastern Daylight Time))
[debug] &amp#27;[35m[W3C (2ef3d3a1)]&amp#27;[39m Cached the protocol value 'W3C' for the new session 2ef3d3a1-b647-4f64-98b3-9ea3b799901e
[debug] &amp#27;[35m[W3C (2ef3d3a1)]&amp#27;[39m Responding to client with driver.createSession() result: {"capabilities":{"platform":"LINUX","webStorageEnabled":false,"takesScreenshot":true,"javascriptEnabled":true,"databaseEnabled":false,"networkConnectionEnabled":true,"locationContextEnabled":false,"warnings":{},"desired":{"platformName":"android","chromeDriverPort":110000,"app":"C:\\Users\\Qadir\\eclipse-workspace\\Selenium Udemy\\CucumberFramework- TestNG\\src\\test\\resources\\apps\\Saucelabs.apk","appActivity":"com.swaglabsmobileapp.MainActivity","appPackage":"com.swaglabsmobileapp","automationName":"UIAutomator2","deviceName":"Galaxy S9","systemPort":10000,"udid":"50584a424e443498"},"platformName":"android","chromeDriverPort":110000,"app":"C:\\Users\\Qadir\\eclipse-workspace\\Selenium Udemy\\CucumberFramework- TestNG\\src\\test\\resources\\apps\\Saucelabs.apk","appActivity":"com.swaglabsmobileapp.MainActivity","appPackage":"com.swaglabsmobileapp","automationName":"UIAutomator2","deviceName":"50584a424e443498","systemPort":10000,"udid":"50584a424e443498","deviceUDID":"50584a424e443498","deviceApiLevel":...
&amp#27;[35m[HTTP]&amp#27;[39m &amp#27;[37m<-- POST /wd/hub/session &amp#27;[39m&amp#27;[32m200&amp#27;[39m &amp#27;[90m21982 ms - 1318&amp#27;[39m
&amp#27;[35m[HTTP]&amp#27;[39m &amp#27;[90m&amp#27;[39m
[debug] &amp#27;[35m[WD Proxy]&amp#27;[39m Matched '/status' to command name 'getStatus'
[debug] &amp#27;[35m[WD Proxy]&amp#27;[39m Proxying [GET /status] to [GET http://127.0.0.1:10001/wd/hub/status] with no body
&amp#27;[35m[WD Proxy]&amp#27;[39m socket hang up
Initializing driver
[INFO ] 2021-06-21 17:56:10.564 com.qa.utils.DriverManager:57 - Driver is initialized
[debug] &amp#27;[35m[WD Proxy]&amp#27;[39m Matched '/status' to command name 'getStatus'
[debug] &amp#27;[35m[WD Proxy]&amp#27;[39m Proxying [GET /status] to [GET http://127.0.0.1:10001/wd/hub/status] with no body
&amp#27;[35m[WD Proxy]&amp#27;[39m socket hang up
[debug] &amp#27;[35m[WD Proxy]&amp#27;[39m Matched '/status' to command name 'getStatus'
[debug] &amp#27;[35m[WD Proxy]&amp#27;[39m Proxying [GET /status] to [GET http://127.0.0.1:10001/wd/hub/status] with no body
&amp#27;[35m[WD Proxy]&amp#27;[39m socket hang up

@test
Scenario Outline: Login with invalid user name                                                          # src/test/resources/Login.feature:11
&amp#27;[35m[HTTP]&amp#27;[39m &amp#27;[37m-->&amp#27;[39m &amp#27;[37mPOST&amp#27;[39m &amp#27;[37m/wd/hub/session/2ef3d3a1-b647-4f64-98b3-9ea3b799901e/appium/start_recording_screen&amp#27;[39m
&amp#27;[35m[HTTP]&amp#27;[39m &amp#27;[90m{}&amp#27;[39m
[debug] &amp#27;[35m[W3C (2ef3d3a1)]&amp#27;[39m Calling AppiumDriver.startRecordingScreen() with args: [null,"2ef3d3a1-b647-4f64-98b3-9ea3b799901e"]
[debug] &amp#27;[35m[ADB]&amp#27;[39m Getting IDs of all 'screenrecord' processes
[debug] &amp#27;[35m[ADB]&amp#27;[39m Running 'C:\Users\Qadir\AppData\Local\Android\Sdk\platform-tools\adb.exe -P 5037 -s 50584a424e443498 shell pgrep -f \(\[\[:blank:\]\]\|\^\)screenrecord\(\[\[:blank:\]\]\|\$\)'
[debug] &amp#27;[35m[WD Proxy]&amp#27;[39m Matched '/status' to command name 'getStatus'
[debug] &amp#27;[35m[WD Proxy]&amp#27;[39m Proxying [GET /status] to [GET http://127.0.0.1:10001/wd/hub/status] with no body
&amp#27;[35m[WD Proxy]&amp#27;[39m socket hang up
&amp#27;[35m[AndroidDriver]&amp#27;[39m Screen recording has not been previously started by Appium. There is nothing to stop
[debug] &amp#27;[35m[ADB]&amp#27;[39m Getting IDs of all 'screenrecord' processes
[debug] &amp#27;[35m[ADB]&amp#27;[39m Running 'C:\Users\Qadir\AppData\Local\Android\Sdk\platform-tools\adb.exe -P 5037 -s 50584a424e443498 shell pgrep -f \(\[\[:blank:\]\]\|\^\)screenrecord\(\[\[:blank:\]\]\|\$\)'
[debug] &amp#27;[35m[ADB]&amp#27;[39m Building screenrecord process with the command line: adb -P 5037 -s 50584a424e443498 shell screenrecord --time-limit 180 /sdcard/281d9c02.mp4
[debug] &amp#27;[35m[ADB]&amp#27;[39m Running 'C:\Users\Qadir\AppData\Local\Android\Sdk\platform-tools\adb.exe -P 5037 -s 50584a424e443498 shell "[ -e '/sdcard/281d9c02.mp4' ] && echo __PASS__"'
[debug] &amp#27;[35m[ADB]&amp#27;[39m Running 'C:\Users\Qadir\AppData\Local\Android\Sdk\platform-tools\adb.exe -P 5037 -s 50584a424e443498 shell "[ -e '/sdcard/281d9c02.mp4' ] && echo __PASS__"'
[debug] &amp#27;[35m[WD Proxy]&amp#27;[39m Matched '/status' to command name 'getStatus'
[debug] &amp#27;[35m[WD Proxy]&amp#27;[39m Proxying [GET /status] to [GET http://127.0.0.1:10001/wd/hub/status] with no body
&amp#27;[35m[WD Proxy]&amp#27;[39m socket hang up
[debug] &amp#27;[35m[ADB]&amp#27;[39m Running 'C:\Users\Qadir\AppData\Local\Android\Sdk\platform-tools\adb.exe -P 5037 -s 50584a424e443498 shell "[ -e '/sdcard/281d9c02.mp4' ] && echo __PASS__"'
[debug] &amp#27;[35m[W3C (2ef3d3a1)]&amp#27;[39m Responding to client with driver.startRecordingScreen() result: ""
&amp#27;[35m[HTTP]&amp#27;[39m &amp#27;[37m<-- POST /wd/hub/session/2ef3d3a1-b647-4f64-98b3-9ea3b799901e/appium/start_recording_screen &amp#27;[39m&amp#27;[32m200&amp#27;[39m &amp#27;[90m1164 ms - 12&amp#27;[39m
&amp#27;[35m[HTTP]&amp#27;[39m &amp#27;[90m&amp#27;[39m
[debug] &amp#27;[35m[WD Proxy]&amp#27;[39m Matched '/status' to command name 'getStatus'
[debug] &amp#27;[35m[WD Proxy]&amp#27;[39m Proxying [GET /status] to [GET http://127.0.0.1:10001/wd/hub/status] with no body
&amp#27;[35m[WD Proxy]&amp#27;[39m socket hang up
&amp#27;[35m[HTTP]&amp#27;[39m &amp#27;[37m-->&amp#27;[39m &amp#27;[37mGET&amp#27;[39m &amp#27;[37m/wd/hub/session/2ef3d3a1-b647-4f64-98b3-9ea3b799901e/context&amp#27;[39m
&amp#27;[35m[HTTP]&amp#27;[39m &amp#27;[90m{}&amp#27;[39m
[debug] &amp#27;[35m[W3C (2ef3d3a1)]&amp#27;[39m Calling AppiumDriver.getCurrentContext() with args: ["2ef3d3a1-b647-4f64-98b3-9ea3b799901e"]
[debug] &amp#27;[35m[W3C (2ef3d3a1)]&amp#27;[39m Responding to client with driver.getCurrentContext() result: "NATIVE_APP"
&amp#27;[35m[HTTP]&amp#27;[39m &amp#27;[37m<-- GET /wd/hub/session/2ef3d3a1-b647-4f64-98b3-9ea3b799901e/context &amp#27;[39m&amp#27;[32m200&amp#27;[39m &amp#27;[90m2 ms - 22&amp#27;[39m
&amp#27;[35m[HTTP]&amp#27;[39m &amp#27;[90m&amp#27;[39m
&amp#27;[35m[HTTP]&amp#27;[39m &amp#27;[37m-->&amp#27;[39m &amp#27;[37mPOST&amp#27;[39m &amp#27;[37m/wd/hub/session/2ef3d3a1-b647-4f64-98b3-9ea3b799901e/element&amp#27;[39m
&amp#27;[35m[HTTP]&amp#27;[39m &amp#27;[90m{"using":"accessibility id","value":"test-Username"}&amp#27;[39m
[debug] &amp#27;[35m[W3C (2ef3d3a1)]&amp#27;[39m Calling AppiumDriver.findElement() with args: ["accessibility id","test-Username","2ef3d3a1-b647-4f64-98b3-9ea3b799901e"]
[debug] &amp#27;[35m[BaseDriver]&amp#27;[39m Valid locator strategies for this request: xpath, id, class name, accessibility id, css selector, -android uiautomator
[debug] &amp#27;[35m[BaseDriver]&amp#27;[39m Waiting up to 0 ms for condition
[debug] &amp#27;[35m[WD Proxy]&amp#27;[39m Matched '/element' to command name 'findElement'
[debug] &amp#27;[35m[WD Proxy]&amp#27;[39m Proxying [POST /element] to [POST http://127.0.0.1:10000/wd/hub/session/9ce757c2-589f-4e51-be5c-672f84d5d82f/element] with body: {"strategy":"accessibility id","selector":"test-Username","context":"","multiple":false}
[debug] &amp#27;[35m[WD Proxy]&amp#27;[39m Got response with status 200: {"sessionId":"9ce757c2-589f-4e51-be5c-672f84d5d82f","value":{"ELEMENT":"166b9c9c-c85d-4acf-88b5-e52ce4941b7b","element-6066-11e4-a52e-4f735466cecf":"166b9c9c-c85d-4acf-88b5-e52ce4941b7b"}}
[debug] &amp#27;[35m[W3C (2ef3d3a1)]&amp#27;[39m Responding to client with driver.findElement() result: {"element-6066-11e4-a52e-4f735466cecf":"166b9c9c-c85d-4acf-88b5-e52ce4941b7b","ELEMENT":"166b9c9c-c85d-4acf-88b5-e52ce4941b7b"}
&amp#27;[35m[HTTP]&amp#27;[39m &amp#27;[37m<-- POST /wd/hub/session/2ef3d3a1-b647-4f64-98b3-9ea3b799901e/element &amp#27;[39m&amp#27;[32m200&amp#27;[39m &amp#27;[90m102 ms - 137&amp#27;[39m
&amp#27;[35m[HTTP]&amp#27;[39m &amp#27;[90m&amp#27;[39m
&amp#27;[35m[HTTP]&amp#27;[39m &amp#27;[37m-->&amp#27;[39m &amp#27;[37mGET&amp#27;[39m &amp#27;[37m/wd/hub/session/2ef3d3a1-b647-4f64-98b3-9ea3b799901e/element/166b9c9c-c85d-4acf-88b5-e52ce4941b7b/displayed&amp#27;[39m
&amp#27;[35m[HTTP]&amp#27;[39m &amp#27;[90m{}&amp#27;[39m
[debug] &amp#27;[35m[W3C (2ef3d3a1)]&amp#27;[39m Calling AppiumDriver.elementDisplayed() with args: ["166b9c9c-c85d-4acf-88b5-e52ce4941b7b","2ef3d3a1-b647-4f64-98b3-9ea3b799901e"]
[debug] &amp#27;[35m[WD Proxy]&amp#27;[39m Matched '/element/166b9c9c-c85d-4acf-88b5-e52ce4941b7b/attribute/displayed' to command name 'getAttribute'
[debug] &amp#27;[35m[WD Proxy]&amp#27;[39m Proxying [GET /element/166b9c9c-c85d-4acf-88b5-e52ce4941b7b/attribute/displayed] to [GET http://127.0.0.1:10000/wd/hub/session/9ce757c2-589f-4e51-be5c-672f84d5d82f/element/166b9c9c-c85d-4acf-88b5-e52ce4941b7b/attribute/displayed] with no body
[debug] &amp#27;[35m[WD Proxy]&amp#27;[39m Got response with status 200: {"sessionId":"9ce757c2-589f-4e51-be5c-672f84d5d82f","value":"true"}
[debug] &amp#27;[35m[W3C (2ef3d3a1)]&amp#27;[39m Responding to client with driver.elementDisplayed() result: true
&amp#27;[35m[HTTP]&amp#27;[39m &amp#27;[37m<-- GET /wd/hub/session/2ef3d3a1-b647-4f64-98b3-9ea3b799901e/element/166b9c9c-c85d-4acf-88b5-e52ce4941b7b/displayed &amp#27;[39m&amp#27;[32m200&amp#27;[39m &amp#27;[90m19 ms - 14&amp#27;[39m
&amp#27;[35m[HTTP]&amp#27;[39m &amp#27;[90m&amp#27;[39m
&amp#27;[35m[HTTP]&amp#27;[39m &amp#27;[37m-->&amp#27;[39m &amp#27;[37mGET&amp#27;[39m &amp#27;[37m/wd/hub/session/2ef3d3a1-b647-4f64-98b3-9ea3b799901e/context&amp#27;[39m
&amp#27;[35m[HTTP]&amp#27;[39m &amp#27;[90m{}&amp#27;[39m
[debug] &amp#27;[35m[W3C (2ef3d3a1)]&amp#27;[39m Calling AppiumDriver.getCurrentContext() with args: ["2ef3d3a1-b647-4f64-98b3-9ea3b799901e"]
[debug] &amp#27;[35m[W3C (2ef3d3a1)]&amp#27;[39m Responding to client with driver.getCurrentContext() result: "NATIVE_APP"
&amp#27;[35m[HTTP]&amp#27;[39m &amp#27;[37m<-- GET /wd/hub/session/2ef3d3a1-b647-4f64-98b3-9ea3b799901e/context &amp#27;[39m&amp#27;[32m200&amp#27;[39m &amp#27;[90m1 ms - 22&amp#27;[39m
&amp#27;[35m[HTTP]&amp#27;[39m &amp#27;[90m&amp#27;[39m
&amp#27;[35m[HTTP]&amp#27;[39m &amp#27;[37m-->&amp#27;[39m &amp#27;[37mPOST&amp#27;[39m &amp#27;[37m/wd/hub/session/2ef3d3a1-b647-4f64-98b3-9ea3b799901e/element&amp#27;[39m
&amp#27;[35m[HTTP]&amp#27;[39m &amp#27;[90m{"using":"accessibility id","value":"test-Username"}&amp#27;[39m
[debug] &amp#27;[35m[W3C (2ef3d3a1)]&amp#27;[39m Calling AppiumDriver.findElement() with args: ["accessibility id","test-Username","2ef3d3a1-b647-4f64-98b3-9ea3b799901e"]
[debug] &amp#27;[35m[BaseDriver]&amp#27;[39m Valid locator strategies for this request: xpath, id, class name, accessibility id, css selector, -android uiautomator
[debug] &amp#27;[35m[BaseDriver]&amp#27;[39m Waiting up to 0 ms for condition
[debug] &amp#27;[35m[WD Proxy]&amp#27;[39m Matched '/element' to command name 'findElement'
[debug] &amp#27;[35m[WD Proxy]&amp#27;[39m Proxying [POST /element] to [POST http://127.0.0.1:10000/wd/hub/session/9ce757c2-589f-4e51-be5c-672f84d5d82f/element] with body: {"strategy":"accessibility id","selector":"test-Username","context":"","multiple":false}
[debug] &amp#27;[35m[WD Proxy]&amp#27;[39m Got response with status 200: {"sessionId":"9ce757c2-589f-4e51-be5c-672f84d5d82f","value":{"ELEMENT":"c196beb1-f607-4e12-8300-98050f8913ac","element-6066-11e4-a52e-4f735466cecf":"c196beb1-f607-4e12-8300-98050f8913ac"}}
[debug] &amp#27;[35m[W3C (2ef3d3a1)]&amp#27;[39m Responding to client with driver.findElement() result: {"element-6066-11e4-a52e-4f735466cecf":"c196beb1-f607-4e12-8300-98050f8913ac","ELEMENT":"c196beb1-f607-4e12-8300-98050f8913ac"}
&amp#27;[35m[HTTP]&amp#27;[39m &amp#27;[37m<-- POST /wd/hub/session/2ef3d3a1-b647-4f64-98b3-9ea3b799901e/element &amp#27;[39m&amp#27;[32m200&amp#27;[39m &amp#27;[90m35 ms - 137&amp#27;[39m
&amp#27;[35m[HTTP]&amp#27;[39m &amp#27;[90m&amp#27;[39m
&amp#27;[35m[HTTP]&amp#27;[39m &amp#27;[37m-->&amp#27;[39m &amp#27;[37mPOST&amp#27;[39m &amp#27;[37m/wd/hub/session/2ef3d3a1-b647-4f64-98b3-9ea3b799901e/element/c196beb1-f607-4e12-8300-98050f8913ac/clear&amp#27;[39m
&amp#27;[35m[HTTP]&amp#27;[39m &amp#27;[90m{"id":"c196beb1-f607-4e12-8300-98050f8913ac"}&amp#27;[39m
[debug] &amp#27;[35m[W3C (2ef3d3a1)]&amp#27;[39m Calling AppiumDriver.clear() with args: ["c196beb1-f607-4e12-8300-98050f8913ac","2ef3d3a1-b647-4f64-98b3-9ea3b799901e"]
[debug] &amp#27;[35m[WD Proxy]&amp#27;[39m Matched '/element/c196beb1-f607-4e12-8300-98050f8913ac/clear' to command name 'clear'
[debug] &amp#27;[35m[WD Proxy]&amp#27;[39m Proxying [POST /element/c196beb1-f607-4e12-8300-98050f8913ac/clear] to [POST http://127.0.0.1:10000/wd/hub/session/9ce757c2-589f-4e51-be5c-672f84d5d82f/element/c196beb1-f607-4e12-8300-98050f8913ac/clear] with body: {"elementId":"c196beb1-f607-4e12-8300-98050f8913ac"}
[debug] &amp#27;[35m[WD Proxy]&amp#27;[39m Got response with status 200: {"sessionId":"9ce757c2-589f-4e51-be5c-672f84d5d82f","value":null}
[debug] &amp#27;[35m[W3C (2ef3d3a1)]&amp#27;[39m Responding to client with driver.clear() result: null
&amp#27;[35m[HTTP]&amp#27;[39m &amp#27;[37m<-- POST /wd/hub/session/2ef3d3a1-b647-4f64-98b3-9ea3b799901e/element/c196beb1-f607-4e12-8300-98050f8913ac/clear &amp#27;[39m&amp#27;[32m200&amp#27;[39m &amp#27;[90m29 ms - 14&amp#27;[39m
&amp#27;[35m[HTTP]&amp#27;[39m &amp#27;[90m&amp#27;[39m
&amp#27;[35m[HTTP]&amp#27;[39m &amp#27;[37m-->&amp#27;[39m &amp#27;[37mGET&amp#27;[39m &amp#27;[37m/wd/hub/session/2ef3d3a1-b647-4f64-98b3-9ea3b799901e/context&amp#27;[39m
&amp#27;[35m[HTTP]&amp#27;[39m &amp#27;[90m{}&amp#27;[39m
[debug] &amp#27;[35m[W3C (2ef3d3a1)]&amp#27;[39m Calling AppiumDriver.getCurrentContext() with args: ["2ef3d3a1-b647-4f64-98b3-9ea3b799901e"]
[debug] &amp#27;[35m[W3C (2ef3d3a1)]&amp#27;[39m Responding to client with driver.getCurrentContext() result: "NATIVE_APP"
&amp#27;[35m[HTTP]&amp#27;[39m &amp#27;[37m<-- GET /wd/hub/session/2ef3d3a1-b647-4f64-98b3-9ea3b799901e/context &amp#27;[39m&amp#27;[32m200&amp#27;[39m &amp#27;[90m1 ms - 22&amp#27;[39m
&amp#27;[35m[HTTP]&amp#27;[39m &amp#27;[90m&amp#27;[39m
&amp#27;[35m[HTTP]&amp#27;[39m &amp#27;[37m-->&amp#27;[39m &amp#27;[37mPOST&amp#27;[39m &amp#27;[37m/wd/hub/session/2ef3d3a1-b647-4f64-98b3-9ea3b799901e/element&amp#27;[39m
&amp#27;[35m[HTTP]&amp#27;[39m &amp#27;[90m{"using":"accessibility id","value":"test-Username"}&amp#27;[39m
[debug] &amp#27;[35m[W3C (2ef3d3a1)]&amp#27;[39m Calling AppiumDriver.findElement() with args: ["accessibility id","test-Username","2ef3d3a1-b647-4f64-98b3-9ea3b799901e"]
[debug] &amp#27;[35m[BaseDriver]&amp#27;[39m Valid locator strategies for this request: xpath, id, class name, accessibility id, css selector, -android uiautomator
[debug] &amp#27;[35m[BaseDriver]&amp#27;[39m Waiting up to 0 ms for condition
[debug] &amp#27;[35m[WD Proxy]&amp#27;[39m Matched '/element' to command name 'findElement'
[debug] &amp#27;[35m[WD Proxy]&amp#27;[39m Proxying [POST /element] to [POST http://127.0.0.1:10000/wd/hub/session/9ce757c2-589f-4e51-be5c-672f84d5d82f/element] with body: {"strategy":"accessibility id","selector":"test-Username","context":"","multiple":false}
[debug] &amp#27;[35m[WD Proxy]&amp#27;[39m Matched '/status' to command name 'getStatus'
[debug] &amp#27;[35m[WD Proxy]&amp#27;[39m Proxying [GET /status] to [GET http://127.0.0.1:10001/wd/hub/status] with no body
&amp#27;[35m[WD Proxy]&amp#27;[39m socket hang up
[debug] &amp#27;[35m[WD Proxy]&amp#27;[39m Got response with status 200: {"sessionId":"9ce757c2-589f-4e51-be5c-672f84d5d82f","value":{"ELEMENT":"c8cdf56b-f566-4040-8fae-109f706534d1","element-6066-11e4-a52e-4f735466cecf":"c8cdf56b-f566-4040-8fae-109f706534d1"}}
[debug] &amp#27;[35m[W3C (2ef3d3a1)]&amp#27;[39m Responding to client with driver.findElement() result: {"element-6066-11e4-a52e-4f735466cecf":"c8cdf56b-f566-4040-8fae-109f706534d1","ELEMENT":"c8cdf56b-f566-4040-8fae-109f706534d1"}
&amp#27;[35m[HTTP]&amp#27;[39m &amp#27;[37m<-- POST /wd/hub/session/2ef3d3a1-b647-4f64-98b3-9ea3b799901e/element &amp#27;[39m&amp#27;[32m200&amp#27;[39m &amp#27;[90m530 ms - 137&amp#27;[39m
&amp#27;[35m[HTTP]&amp#27;[39m &amp#27;[90m&amp#27;[39m
&amp#27;[35m[HTTP]&amp#27;[39m &amp#27;[37m-->&amp#27;[39m &amp#27;[37mGET&amp#27;[39m &amp#27;[37m/wd/hub/session/2ef3d3a1-b647-4f64-98b3-9ea3b799901e/element/c8cdf56b-f566-4040-8fae-109f706534d1/displayed&amp#27;[39m
&amp#27;[35m[HTTP]&amp#27;[39m &amp#27;[90m{}&amp#27;[39m
[debug] &amp#27;[35m[W3C (2ef3d3a1)]&amp#27;[39m Calling AppiumDriver.elementDisplayed() with args: ["c8cdf56b-f566-4040-8fae-109f706534d1","2ef3d3a1-b647-4f64-98b3-9ea3b799901e"]
[debug] &amp#27;[35m[WD Proxy]&amp#27;[39m Matched '/element/c8cdf56b-f566-4040-8fae-109f706534d1/attribute/displayed' to command name 'getAttribute'
[debug] &amp#27;[35m[WD Proxy]&amp#27;[39m Proxying [GET /element/c8cdf56b-f566-4040-8fae-109f706534d1/attribute/displayed] to [GET http://127.0.0.1:10000/wd/hub/session/9ce757c2-589f-4e51-be5c-672f84d5d82f/element/c8cdf56b-f566-4040-8fae-109f706534d1/attribute/displayed] with no body
[debug] &amp#27;[35m[WD Proxy]&amp#27;[39m Got response with status 200: {"sessionId":"9ce757c2-589f-4e51-be5c-672f84d5d82f","value":"true"}
[debug] &amp#27;[35m[W3C (2ef3d3a1)]&amp#27;[39m Responding to client with driver.elementDisplayed() result: true
&amp#27;[35m[HTTP]&amp#27;[39m &amp#27;[37m<-- GET /wd/hub/session/2ef3d3a1-b647-4f64-98b3-9ea3b799901e/element/c8cdf56b-f566-4040-8fae-109f706534d1/displayed &amp#27;[39m&amp#27;[32m200&amp#27;[39m &amp#27;[90m17 ms - 14&amp#27;[39m
&amp#27;[35m[HTTP]&amp#27;[39m &amp#27;[90m&amp#27;[39m
[INFO ] 2021-06-21 17:56:16.571 com.qa.pages.BasePage:74 - login with InvalidUserName
&amp#27;[35m[HTTP]&amp#27;[39m &amp#27;[37m-->&amp#27;[39m &amp#27;[37mGET&amp#27;[39m &amp#27;[37m/wd/hub/session/2ef3d3a1-b647-4f64-98b3-9ea3b799901e/context&amp#27;[39m
&amp#27;[35m[HTTP]&amp#27;[39m &amp#27;[90m{}&amp#27;[39m
[debug] &amp#27;[35m[W3C (2ef3d3a1)]&amp#27;[39m Calling AppiumDriver.getCurrentContext() with args: ["2ef3d3a1-b647-4f64-98b3-9ea3b799901e"]
[debug] &amp#27;[35m[W3C (2ef3d3a1)]&amp#27;[39m Responding to client with driver.getCurrentContext() result: "NATIVE_APP"
&amp#27;[35m[HTTP]&amp#27;[39m &amp#27;[37m<-- GET /wd/hub/session/2ef3d3a1-b647-4f64-98b3-9ea3b799901e/context &amp#27;[39m&amp#27;[32m200&amp#27;[39m &amp#27;[90m2 ms - 22&amp#27;[39m
&amp#27;[35m[HTTP]&amp#27;[39m &amp#27;[90m&amp#27;[39m
&amp#27;[35m[HTTP]&amp#27;[39m &amp#27;[37m-->&amp#27;[39m &amp#27;[37mPOST&amp#27;[39m &amp#27;[37m/wd/hub/session/2ef3d3a1-b647-4f64-98b3-9ea3b799901e/element&amp#27;[39m
&amp#27;[35m[HTTP]&amp#27;[39m &amp#27;[90m{"using":"accessibility id","value":"test-Username"}&amp#27;[39m
[debug] &amp#27;[35m[W3C (2ef3d3a1)]&amp#27;[39m Calling AppiumDriver.findElement() with args: ["accessibility id","test-Username","2ef3d3a1-b647-4f64-98b3-9ea3b799901e"]
[debug] &amp#27;[35m[BaseDriver]&amp#27;[39m Valid locator strategies for this request: xpath, id, class name, accessibility id, css selector, -android uiautomator
[debug] &amp#27;[35m[BaseDriver]&amp#27;[39m Waiting up to 0 ms for condition
[debug] &amp#27;[35m[WD Proxy]&amp#27;[39m Matched '/element' to command name 'findElement'
[debug] &amp#27;[35m[WD Proxy]&amp#27;[39m Proxying [POST /element] to [POST http://127.0.0.1:10000/wd/hub/session/9ce757c2-589f-4e51-be5c-672f84d5d82f/element] with body: {"strategy":"accessibility id","selector":"test-Username","context":"","multiple":false}
[debug] &amp#27;[35m[WD Proxy]&amp#27;[39m Got response with status 200: {"sessionId":"9ce757c2-589f-4e51-be5c-672f84d5d82f","value":{"ELEMENT":"aa87875e-2a70-4ecd-9f5e-8023cedcd24a","element-6066-11e4-a52e-4f735466cecf":"aa87875e-2a70-4ecd-9f5e-8023cedcd24a"}}
[debug] &amp#27;[35m[W3C (2ef3d3a1)]&amp#27;[39m Responding to client with driver.findElement() result: {"element-6066-11e4-a52e-4f735466cecf":"aa87875e-2a70-4ecd-9f5e-8023cedcd24a","ELEMENT":"aa87875e-2a70-4ecd-9f5e-8023cedcd24a"}
&amp#27;[35m[HTTP]&amp#27;[39m &amp#27;[37m<-- POST /wd/hub/session/2ef3d3a1-b647-4f64-98b3-9ea3b799901e/element &amp#27;[39m&amp#27;[32m200&amp#27;[39m &amp#27;[90m31 ms - 137&amp#27;[39m
&amp#27;[35m[HTTP]&amp#27;[39m &amp#27;[90m&amp#27;[39m
&amp#27;[35m[HTTP]&amp#27;[39m &amp#27;[37m-->&amp#27;[39m &amp#27;[37mPOST&amp#27;[39m &amp#27;[37m/wd/hub/session/2ef3d3a1-b647-4f64-98b3-9ea3b799901e/element/aa87875e-2a70-4ecd-9f5e-8023cedcd24a/value&amp#27;[39m
&amp#27;[35m[HTTP]&amp#27;[39m &amp#27;[90m{"id":"aa87875e-2a70-4ecd-9f5e-8023cedcd24a","text":"InvalidUserName","value":["I","n","v","a","l","i","d","U","s","e","r","N","a","m","e"]}&amp#27;[39m
[debug] &amp#27;[35m[W3C (2ef3d3a1)]&amp#27;[39m Calling AppiumDriver.setValue() with args: [["I","n","v","a","l","i","d","U","s","e","r","N","a","m","e"],"aa87875e-2a70-4ecd-9f5e-8023cedcd24a","2ef3d3a1-b647-4f64-98b3-9ea3b799901e"]
[debug] &amp#27;[35m[WD Proxy]&amp#27;[39m Matched '/element/aa87875e-2a70-4ecd-9f5e-8023cedcd24a/value' to command name 'setValue'
[debug] &amp#27;[35m[Protocol Converter]&amp#27;[39m Added 'value' property ["I","n","v","a","l","i","d","U","s","e","r","N","a","m","e"] to 'setValue' request body
[debug] &amp#27;[35m[WD Proxy]&amp#27;[39m Proxying [POST /element/aa87875e-2a70-4ecd-9f5e-8023cedcd24a/value] to [POST http://127.0.0.1:10000/wd/hub/session/9ce757c2-589f-4e51-be5c-672f84d5d82f/element/aa87875e-2a70-4ecd-9f5e-8023cedcd24a/value] with body: {"elementId":"aa87875e-2a70-4ecd-9f5e-8023cedcd24a","text":"InvalidUserName","replace":false,"value":["I","n","v","a","l","i","d","U","s","e","r","N","a","m","e"]}
[debug] &amp#27;[35m[WD Proxy]&amp#27;[39m Got response with status 200: {"sessionId":"9ce757c2-589f-4e51-be5c-672f84d5d82f","value":null}
[debug] &amp#27;[35m[W3C (2ef3d3a1)]&amp#27;[39m Responding to client with driver.setValue() result: null
&amp#27;[35m[HTTP]&amp#27;[39m &amp#27;[37m<-- POST /wd/hub/session/2ef3d3a1-b647-4f64-98b3-9ea3b799901e/element/aa87875e-2a70-4ecd-9f5e-8023cedcd24a/value &amp#27;[39m&amp#27;[32m200  When I enter username "InvalidUserName"                                                               # com.qa.stepdef.LogInStepDef.iEnterUsername(java.lang.String)
&amp#27;[39m &amp#27;[90m541 ms - 14&amp#27;[39m
&amp#27;[35m[HTTP]&amp#27;[39m &amp#27;[90m&amp#27;[39m
&amp#27;[35m[HTTP]&amp#27;[39m &amp#27;[37m-->&amp#27;[39m &amp#27;[37mGET&amp#27;[39m &amp#27;[37m/wd/hub/session/2ef3d3a1-b647-4f64-98b3-9ea3b799901e/context&amp#27;[39m
&amp#27;[35m[HTTP]&amp#27;[39m &amp#27;[90m{}&amp#27;[39m
[debug] &amp#27;[35m[W3C (2ef3d3a1)]&amp#27;[39m Calling AppiumDriver.getCurrentContext() with args: ["2ef3d3a1-b647-4f64-98b3-9ea3b799901e"]
[debug] &amp#27;[35m[W3C (2ef3d3a1)]&amp#27;[39m Responding to client with driver.getCurrentContext() result: "NATIVE_APP"
&amp#27;[35m[HTTP]&amp#27;[39m &amp#27;[37m<-- GET /wd/hub/session/2ef3d3a1-b647-4f64-98b3-9ea3b799901e/context &amp#27;[39m&amp#27;[32m200&amp#27;[39m &amp#27;[90m3 ms - 22&amp#27;[39m
&amp#27;[35m[HTTP]&amp#27;[39m &amp#27;[90m&amp#27;[39m
&amp#27;[35m[HTTP]&amp#27;[39m &amp#27;[37m-->&amp#27;[39m &amp#27;[37mPOST&amp#27;[39m &amp#27;[37m/wd/hub/session/2ef3d3a1-b647-4f64-98b3-9ea3b799901e/element&amp#27;[39m
&amp#27;[35m[HTTP]&amp#27;[39m &amp#27;[90m{"using":"accessibility id","value":"test-Password"}&amp#27;[39m
[debug] &amp#27;[35m[W3C (2ef3d3a1)]&amp#27;[39m Calling AppiumDriver.findElement() with args: ["accessibility id","test-Password","2ef3d3a1-b647-4f64-98b3-9ea3b799901e"]
[debug] &amp#27;[35m[BaseDriver]&amp#27;[39m Valid locator strategies for this request: xpath, id, class name, accessibility id, css selector, -android uiautomator
[debug] &amp#27;[35m[BaseDriver]&amp#27;[39m Waiting up to 0 ms for condition
[debug] &amp#27;[35m[WD Proxy]&amp#27;[39m Matched '/element' to command name 'findElement'
[debug] &amp#27;[35m[WD Proxy]&amp#27;[39m Proxying [POST /element] to [POST http://127.0.0.1:10000/wd/hub/session/9ce757c2-589f-4e51-be5c-672f84d5d82f/element] with body: {"strategy":"accessibility id","selector":"test-Password","context":"","multiple":false}
[debug] &amp#27;[35m[WD Proxy]&amp#27;[39m Matched '/status' to command name 'getStatus'
[debug] &amp#27;[35m[WD Proxy]&amp#27;[39m Proxying [GET /status] to [GET http://127.0.0.1:10001/wd/hub/status] with no body
&amp#27;[35m[WD Proxy]&amp#27;[39m socket hang up
[debug] &amp#27;[35m[WD Proxy]&amp#27;[39m Got response with status 200: {"sessionId":"9ce757c2-589f-4e51-be5c-672f84d5d82f","value":{"ELEMENT":"6c9e1ad4-3d21-4486-b454-23bc2d9c8c0a","element-6066-11e4-a52e-4f735466cecf":"6c9e1ad4-3d21-4486-b454-23bc2d9c8c0a"}}
[debug] &amp#27;[35m[W3C (2ef3d3a1)]&amp#27;[39m Responding to client with driver.findElement() result: {"element-6066-11e4-a52e-4f735466cecf":"6c9e1ad4-3d21-4486-b454-23bc2d9c8c0a","ELEMENT":"6c9e1ad4-3d21-4486-b454-23bc2d9c8c0a"}
&amp#27;[35m[HTTP]&amp#27;[39m &amp#27;[37m<-- POST /wd/hub/session/2ef3d3a1-b647-4f64-98b3-9ea3b799901e/element &amp#27;[39m&amp#27;[32m200&amp#27;[39m &amp#27;[90m498 ms - 137&amp#27;[39m
&amp#27;[35m[HTTP]&amp#27;[39m &amp#27;[90m&amp#27;[39m
&amp#27;[35m[HTTP]&amp#27;[39m &amp#27;[37m-->&amp#27;[39m &amp#27;[37mGET&amp#27;[39m &amp#27;[37m/wd/hub/session/2ef3d3a1-b647-4f64-98b3-9ea3b799901e/element/6c9e1ad4-3d21-4486-b454-23bc2d9c8c0a/displayed&amp#27;[39m
&amp#27;[35m[HTTP]&amp#27;[39m &amp#27;[90m{}&amp#27;[39m
[debug] &amp#27;[35m[W3C (2ef3d3a1)]&amp#27;[39m Calling AppiumDriver.elementDisplayed() with args: ["6c9e1ad4-3d21-4486-b454-23bc2d9c8c0a","2ef3d3a1-b647-4f64-98b3-9ea3b799901e"]
[...]
&amp#27;[35m[HTTP]&amp#27;[39m &amp#27;[90m{}&amp#27;[39m
[debug] &amp#27;[35m[W3C (059cff38)]&amp#27;[39m Calling AppiumDriver.getCurrentContext() with args: ["059cff38-23c6-4ec1-b668-a2ef75d16654"]
[debug] &amp#27;[35m[W3C (059cff38)]&amp#27;[39m Responding to client with driver.getCurrentContext() result: "NATIVE_APP"
&amp#27;[35m[HTTP]&amp#27;[39m &amp#27;[37m<-- GET /wd/hub/session/059cff38-23c6-4ec1-b668-a2ef75d16654/context &amp#27;[39m&amp#27;[32m200&amp#27;[39m &amp#27;[90m2 ms - 22&amp#27;[39m
&amp#27;[35m[HTTP]&amp#27;[39m &amp#27;[90m&amp#27;[39m
&amp#27;[35m[HTTP]&amp#27;[39m &amp#27;[37m-->&amp#27;[39m &amp#27;[37mPOST&amp#27;[39m &amp#27;[37m/wd/hub/session/059cff38-23c6-4ec1-b668-a2ef75d16654/element&amp#27;[39m
&amp#27;[35m[HTTP]&amp#27;[39m &amp#27;[90m{"using":"accessibility id","value":"test-LOGIN"}&amp#27;[39m
[debug] &amp#27;[35m[W3C (059cff38)]&amp#27;[39m Calling AppiumDriver.findElement() with args: ["accessibility id","test-LOGIN","059cff38-23c6-4ec1-b668-a2ef75d16654"]
[debug] &amp#27;[35m[BaseDriver]&amp#27;[39m Valid locator strategies for this request: xpath, id, class name, accessibility id, css selector, -android uiautomator
[debug] &amp#27;[35m[BaseDriver]&amp#27;[39m Waiting up to 0 ms for condition
[debug] &amp#27;[35m[WD Proxy]&amp#27;[39m Matched '/element' to command name 'findElement'
[debug] &amp#27;[35m[WD Proxy]&amp#27;[39m Proxying [POST /element] to [POST http://127.0.0.1:10001/wd/hub/session/dff51be2-33f9-4ee4-9367-e47fcd54ec21/element] with body: {"strategy":"accessibility id","selector":"test-LOGIN","context":"","multiple":false}
[debug] &amp#27;[35m[WD Proxy]&amp#27;[39m Got response with status 200: {"sessionId":"dff51be2-33f9-4ee4-9367-e47fcd54ec21","value":{"ELEMENT":"618f54f8-3ece-49d9-8ea8-05178d49f789","element-6066-11e4-a52e-4f735466cecf":"618f54f8-3ece-49d9-8ea8-05178d49f789"}}
[debug] &amp#27;[35m[W3C (059cff38)]&amp#27;[39m Responding to client with driver.findElement() result: {"element-6066-11e4-a52e-4f735466cecf":"618f54f8-3ece-49d9-8ea8-05178d49f789","ELEMENT":"618f54f8-3ece-49d9-8ea8-05178d49f789"}
&amp#27;[35m[HTTP]&amp#27;[39m &amp#27;[37m<-- POST /wd/hub/session/059cff38-23c6-4ec1-b668-a2ef75d16654/element &amp#27;[39m&amp#27;[32m200&amp#27;[39m &amp#27;[90m38 ms - 137&amp#27;[39m
&amp#27;[35m[HTTP]&amp#27;[39m &amp#27;[90m&amp#27;[39m
&amp#27;[35m[HTTP]&amp#27;[39m &amp#27;[37m-->&amp#27;[39m &amp#27;[37mPOST&amp#27;[39m &amp#27;[37m/wd/hub/session/059cff38-23c6-4ec1-b668-a2ef75d16654/element/618f54f8-3ece-49d9-8ea8-05178d49f789/click&amp#27;[39m
&amp#27;[35m[HTTP]&amp#27;[39m &amp#27;[90m{"id":"618f54f8-3ece-49d9-8ea8-05178d49f789"}&amp#27;[39m
[debug] &amp#27;[35m[W3C (059cff38)]&amp#27;[39m Calling AppiumDriver.click() with args: ["618f54f8-3ece-49d9-8ea8-05178d49f789","059cff38-23c6-4ec1-b668-a2ef75d16654"]
[debug] &amp#27;[35m[WD Proxy]&amp#27;[39m Matched '/element/618f54f8-3ece-49d9-8ea8-05178d49f789/click' to command name 'click'
[debug] &amp#27;[35m[WD Proxy]&amp#27;[39m Proxying [POST /element/618f54f8-3ece-49d9-8ea8-05178d49f789/click] to [POST http://127.0.0.1:10001/wd/hub/session/dff51be2-33f9-4ee4-9367-e47fcd54ec21/element/618f54f8-3ece-49d9-8ea8-05178d49f789/click] with body: {"element":"618f54f8-3ece-49d9-8ea8-05178d49f789"}
[debug] &amp#27;[35m[WD Proxy]&amp#27;[39m Got response with status 200: {"sessionId":"dff51be2-33f9-4ee4-9367-e47fcd54ec21","value":null}
[debug] &amp#27;[35m[W3C (059cff38)]&amp#27;[39m Responding to client with driver.click() result: null
&amp#27;[35m[HTTP]&amp#27;[39m &amp#27;[37m<-- POST /wd/hub/session/059cff38-23c6-4ec1-b668-a2ef75d16654/element/618f54f8-3ece-49d9-8ea8-05178d49f789/click &amp#27;[39m&amp#27;[32m200&amp#27;[39m &amp#27;[90m49 ms - 14&amp#27;[39m
&amp#27;[35m[HTTP]&amp#27;[39m &amp#27;[90m&amp#27;[39m
  And Tap on the Login button                                                                           # com.qa.stepdef.LogInStepDef.tapOnTheLoginButton()
&amp#27;[35m[HTTP]&amp#27;[39m &amp#27;[37m-->&amp#27;[39m &amp#27;[37mGET&amp#27;[39m &amp#27;[37m/wd/hub/session/059cff38-23c6-4ec1-b668-a2ef75d16654/context&amp#27;[39m
&amp#27;[35m[HTTP]&amp#27;[39m &amp#27;[90m{}&amp#27;[39m
[debug] &amp#27;[35m[W3C (059cff38)]&amp#27;[39m Calling AppiumDriver.getCurrentContext() with args: ["059cff38-23c6-4ec1-b668-a2ef75d16654"]
[debug] &amp#27;[35m[W3C (059cff38)]&amp#27;[39m Responding to client with driver.getCurrentContext() result: "NATIVE_APP"
&amp#27;[35m[HTTP]&amp#27;[39m &amp#27;[37m<-- GET /wd/hub/session/059cff38-23c6-4ec1-b668-a2ef75d16654/context &amp#27;[39m&amp#27;[32m200&amp#27;[39m &amp#27;[90m3 ms - 22&amp#27;[39m
&amp#27;[35m[HTTP]&amp#27;[39m &amp#27;[90m&amp#27;[39m
&amp#27;[35m[HTTP]&amp#27;[39m &amp#27;[37m-->&amp#27;[39m &amp#27;[37mPOST&amp#27;[39m &amp#27;[37m/wd/hub/session/059cff38-23c6-4ec1-b668-a2ef75d16654/element&amp#27;[39m
&amp#27;[35m[HTTP]&amp#27;[39m &amp#27;[90m{"using":"xpath","value":"//android.view.ViewGroup[@content-desc=\"test-Error message\"]/android.widget.TextView"}&amp#27;[39m
[debug] &amp#27;[35m[W3C (059cff38)]&amp#27;[39m Calling AppiumDriver.findElement() with args: ["xpath","//android.view.ViewGroup[@content-desc=\"test-Error message\"]/android.widget.TextView","059cff38-23c6-4ec1-b668-a2ef75d16654"]
[debug] &amp#27;[35m[BaseDriver]&amp#27;[39m Valid locator strategies for this request: xpath, id, class name, accessibility id, css selector, -android uiautomator
[debug] &amp#27;[35m[BaseDriver]&amp#27;[39m Waiting up to 0 ms for condition
[debug] &amp#27;[35m[WD Proxy]&amp#27;[39m Matched '/element' to command name 'findElement'
[debug] &amp#27;[35m[WD Proxy]&amp#27;[39m Proxying [POST /element] to [POST http://127.0.0.1:10001/wd/hub/session/dff51be2-33f9-4ee4-9367-e47fcd54ec21/element] with body: {"strategy":"xpath","selector":"//android.view.ViewGroup[@content-desc=\"test-Error message\"]/android.widget.TextView","context":"","multiple":false}
[debug] &amp#27;[35m[WD Proxy]&amp#27;[39m Got response with status 200: {"sessionId":"dff51be2-33f9-4ee4-9367-e47fcd54ec21","value":{"ELEMENT":"c035525d-49db-4f8e-9105-5af6f78c3ffa","element-6066-11e4-a52e-4f735466cecf":"c035525d-49db-4f8e-9105-5af6f78c3ffa"}}
[debug] &amp#27;[35m[W3C (059cff38)]&amp#27;[39m Responding to client with driver.findElement() result: {"element-6066-11e4-a52e-4f735466cecf":"c035525d-49db-4f8e-9105-5af6f78c3ffa","ELEMENT":"c035525d-49db-4f8e-9105-5af6f78c3ffa"}
&amp#27;[35m[HTTP]&amp#27;[39m &amp#27;[37m<-- POST /wd/hub/session/059cff38-23c6-4ec1-b668-a2ef75d16654/element &amp#27;[39m&amp#27;[32m200&amp#27;[39m &amp#27;[90m4208 ms - 137&amp#27;[39m
&amp#27;[35m[HTTP]&amp#27;[39m &amp#27;[90m&amp#27;[39m
&amp#27;[35m[HTTP]&amp#27;[39m &amp#27;[37m-->&amp#27;[39m &amp#27;[37mGET&amp#27;[39m &amp#27;[37m/wd/hub/session/059cff38-23c6-4ec1-b668-a2ef75d16654/element/c035525d-49db-4f8e-9105-5af6f78c3ffa/displayed&amp#27;[39m
&amp#27;[35m[HTTP]&amp#27;[39m &amp#27;[90m{}&amp#27;[39m
[debug] &amp#27;[35m[W3C (059cff38)]&amp#27;[39m Calling AppiumDriver.elementDisplayed() with args: ["c035525d-49db-4f8e-9105-5af6f78c3ffa","059cff38-23c6-4ec1-b668-a2ef75d16654"]
[debug] &amp#27;[35m[WD Proxy]&amp#27;[39m Matched '/element/c035525d-49db-4f8e-9105-5af6f78c3ffa/attribute/displayed' to command name 'getAttribute'
[debug] &amp#27;[35m[WD Proxy]&amp#27;[39m Proxying [GET /element/c035525d-49db-4f8e-9105-5af6f78c3ffa/attribute/displayed] to [GET http://127.0.0.1:10001/wd/hub/session/dff51be2-33f9-4ee4-9367-e47fcd54ec21/element/c035525d-49db-4f8e-9105-5af6f78c3ffa/attribute/displayed] with no body
[debug] &amp#27;[35m[WD Proxy]&amp#27;[39m Got response with status 200: {"sessionId":"dff51be2-33f9-4ee4-9367-e47fcd54ec21","value":"true"}
[debug] &amp#27;[35m[W3C (059cff38)]&amp#27;[39m Responding to client with driver.elementDisplayed() result: true
&amp#27;[35m[HTTP]&amp#27;[39m &amp#27;[37m<-- GET /wd/hub/session/059cff38-23c6-4ec1-b668-a2ef75d16654/element/c035525d-49db-4f8e-9105-5af6f78c3ffa/displayed &amp#27;[39m&amp#27;[32m200&amp#27;[39m &amp#27;[90m40 ms - 14&amp#27;[39m
&amp#27;[35m[HTTP]&amp#27;[39m &amp#27;[90m&amp#27;[39m
&amp#27;[35m[HTTP]&amp#27;[39m &amp#27;[37m-->&amp#27;[39m &amp#27;[37mGET&amp#27;[39m &amp#27;[37m/wd/hub/session/059cff38-23c6-4ec1-b668-a2ef75d16654/context&amp#27;[39m
&amp#27;[35m[HTTP]&amp#27;[39m &amp#27;[90m{}&amp#27;[39m
[debug] &amp#27;[35m[W3C (059cff38)]&amp#27;[39m Calling AppiumDriver.getCurrentContext() with args: ["059cff38-23c6-4ec1-b668-a2ef75d16654"]
[debug] &amp#27;[35m[W3C (059cff38)]&amp#27;[39m Responding to client with driver.getCurrentContext() result: "NATIVE_APP"
&amp#27;[35m[HTTP]&amp#27;[39m &amp#27;[37m<-- GET /wd/hub/session/059cff38-23c6-4ec1-b668-a2ef75d16654/context &amp#27;[39m&amp#27;[32m200&amp#27;[39m &amp#27;[90m6 ms - 22&amp#27;[39m
&amp#27;[35m[HTTP]&amp#27;[39m &amp#27;[90m&amp#27;[39m
&amp#27;[35m[HTTP]&amp#27;[39m &amp#27;[37m-->&amp#27;[39m &amp#27;[37mPOST&amp#27;[39m &amp#27;[37m/wd/hub/session/059cff38-23c6-4ec1-b668-a2ef75d16654/element&amp#27;[39m
&amp#27;[35m[HTTP]&amp#27;[39m &amp#27;[90m{"using":"xpath","value":"//android.view.ViewGroup[@content-desc=\"test-Error message\"]/android.widget.TextView"}&amp#27;[39m
[debug] &amp#27;[35m[W3C (059cff38)]&amp#27;[39m Calling AppiumDriver.findElement() with args: ["xpath","//android.view.ViewGroup[@content-desc=\"test-Error message\"]/android.widget.TextView","059cff38-23c6-4ec1-b668-a2ef75d16654"]
[debug] &amp#27;[35m[BaseDriver]&amp#27;[39m Valid locator strategies for this request: xpath, id, class name, accessibility id, css selector, -android uiautomator
[debug] &amp#27;[35m[BaseDriver]&amp#27;[39m Waiting up to 0 ms for condition
[debug] &amp#27;[35m[WD Proxy]&amp#27;[39m Matched '/element' to command name 'findElement'
[debug] &amp#27;[35m[WD Proxy]&amp#27;[39m Proxying [POST /element] to [POST http://127.0.0.1:10001/wd/hub/session/dff51be2-33f9-4ee4-9367-e47fcd54ec21/element] with body: {"strategy":"xpath","selector":"//android.view.ViewGroup[@content-desc=\"test-Error message\"]/android.widget.TextView","context":"","multiple":false}
[debug] &amp#27;[35m[WD Proxy]&amp#27;[39m Got response with status 200: {"sessionId":"dff51be2-33f9-4ee4-9367-e47fcd54ec21","value":{"ELEMENT":"eab40df6-ae04-40e7-a7b5-eb904f2363f1","element-6066-11e4-a52e-4f735466cecf":"eab40df6-ae04-40e7-a7b5-eb904f2363f1"}}
[debug] &amp#27;[35m[W3C (059cff38)]&amp#27;[39m Responding to client with driver.findElement() result: {"element-6066-11e4-a52e-4f735466cecf":"eab40df6-ae04-40e7-a7b5-eb904f2363f1","ELEMENT":"eab40df6-ae04-40e7-a7b5-eb904f2363f1"}
&amp#27;[35m[HTTP]&amp#27;[39m &amp#27;[37m<-- POST /wd/hub/session/059cff38-23c6-4ec1-b668-a2ef75d16654/element &amp#27;[39m&amp#27;[32m200&amp#27;[39m &amp#27;[90m104 ms - 137&amp#27;[39m
&amp#27;[35m[HTTP]&amp#27;[39m &amp#27;[90m&amp#27;[39m
&amp#27;[35m[HTTP]&amp#27;[39m &amp#27;[37m-->&amp#27;[39m &amp#27;[37mGET&amp#27;[39m &amp#27;[37m/wd/hub/session/059cff38-23c6-4ec1-b668-a2ef75d16654/element/eab40df6-ae04-40e7-a7b5-eb904f2363f1/attribute/text&amp#27;[39m
&amp#27;[35m[HTTP]&amp#27;[39m &amp#27;[90m{}&amp#27;[39m
[debug] &amp#27;[35m[W3C (059cff38)]&amp#27;[39m Calling AppiumDriver.getAttribute() with args: ["text","eab40df6-ae04-40e7-a7b5-eb904f2363f1","059cff38-23c6-4ec1-b668-a2ef75d16654"]
[debug] &amp#27;[35m[WD Proxy]&amp#27;[39m Matched '/element/eab40df6-ae04-40e7-a7b5-eb904f2363f1/attribute/text' to command name 'getAttribute'
[debug] &amp#27;[35m[WD Proxy]&amp#27;[39m Proxying [GET /element/eab40df6-ae04-40e7-a7b5-eb904f2363f1/attribute/text] to [GET http://127.0.0.1:10001/wd/hub/session/dff51be2-33f9-4ee4-9367-e47fcd54ec21/element/eab40df6-ae04-40e7-a7b5-eb904f2363f1/attribute/text] with no body
[debug] &amp#27;[35m[WD Proxy]&amp#27;[39m Got response with status 200: {"sessionId":"dff51be2-33f9-4ee4-9367-e47fcd54ec21","value":"Username and password do not match any user in this service."}
[debug] &amp#27;[35m[W3C (059cff38)]&amp#27;[39m Responding to client with driver.getAttribute() result: "Username and password do not match any user in this service."
&amp#27;[35m[HTTP]&amp#27;[39m &amp#27;[37m<-- GET /wd/hub/session/059cff38-23c6-4ec1-b668-a2ef75d16654/element/eab40df6-ae04-40e7-a7b5-eb904f2363f1/attribute/text &amp#27;[39m&amp#27;[32m200&amp#27;[39m &amp#27;[90m19 ms - 72&amp#27;[39m
&amp#27;[35m[HTTP]&amp#27;[39m &amp#27;[90m&amp#27;[39m
[INFO ] 2021-06-21 17:56:48.429 com.qa.pages.BasePage:100 - error text is - Username and password do not match any user in this service.
  Then the "ggUsername and password do not match any user in this service." message should be displayed # com.qa.stepdef.LogInStepDef.theMessageShouldBeDisplayed(java.lang.String)
      org.junit.ComparisonFailure: expected:<[]Username and passwor...> but was:<[gg]Username and passwor...>
	at org.junit.Assert.assertEquals(Assert.java:115)
	at org.junit.Assert.assertEquals(Assert.java:144)
	at com.qa.stepdef.LogInStepDef.theMessageShouldBeDisplayed(LogInStepDef.java:34)
	at âœ½.the "ggUsername and password do not match any user in this service." message should be displayed(file:///C:/Users/Qadir/eclipse-workspace/Selenium%20Udemy/CucumberFramework-%20TestNG/src/test/resources/Login.feature:7)

&amp#27;[35m[HTTP]&amp#27;[39m &amp#27;[37m-->&amp#27;[39m &amp#27;[37mGET&amp#27;[39m &amp#27;[37m/wd/hub/session/059cff38-23c6-4ec1-b668-a2ef75d16654/screenshot&amp#27;[39m
&amp#27;[35m[HTTP]&amp#27;[39m &amp#27;[90m{}&amp#27;[39m
[debug] &amp#27;[35m[W3C (059cff38)]&amp#27;[39m Calling AppiumDriver.getScreenshot() with args: ["059cff38-23c6-4ec1-b668-a2ef75d16654"]
[debug] &amp#27;[35m[WD Proxy]&amp#27;[39m Matched '/screenshot' to command name 'getScreenshot'
[debug] &amp#27;[35m[WD Proxy]&amp#27;[39m Proxying [GET /screenshot] to [GET http://127.0.0.1:10001/wd/hub/session/dff51be2-33f9-4ee4-9367-e47fcd54ec21/screenshot] with no body
[debug] &amp#27;[35m[WD Proxy]&amp#27;[39m Got response with status 200: {"sessionId":"dff51be2-33f9-4ee4-9367-e47fcd54ec21","value":"iVBORw0KGgoAAAANSUhEUgAABaAAAAvgCAYAAAD3x5X5AAAABHNCSVQICAgIfAhkiAAAIABJREFU\neJzs3Xtw3XWd+P/XObknTa+UFlraYqH0AkVuliKFSoUVkbEKuMs67qzsuI474y44MrMsKurs4Ox+\nx3F3VnfUXQRR65XFCyAoWEqhtMit3NpCKb239Eabtrknn98fneRHae457yQNj8cMI5yc8/m80jaJ\nfead9zt38803ZwEAAAAAAAWWH+wBAAAAAAAYngRoAAAAAACSEKABAAAAAEhCgAYAAAAAIAkBGgAA\nAACAJARoAAAAAACSEKABAAAAAEhCgAYAAAAAIAkBGgAAAACAJARoAAAAAACSEKABAAAAAEhCgAYA\nAAAAIAkBGgAAAACAJARoAAAAAACSEKABAAAAAEhCgAYAAAAAIAkBGgAAAACAJARoAAAAAACSEKAB\nAAAAAEhCgAYAAAAAIAkBGgAAAACAJARoAAAAAACSEKABAAAAAEhCgAYAAAAAIAkBGgAAAACAJARo\nAAAAAACSEKABAAAAAEhCgAYAAAAAIAkBGgAAAACAJARoAAAAAACSEKABAAAAAEhCgAYAAAAAIAkB\nGgAAAACAJARoAAAAAACSEKABAAAAAEhCgAYAAAAAIAkBGgAAAACAJARoAAAAAACSEKABAAAAAEhC\ngAYAAAAAIAkBGgAAAACAJARoAAAAAACSEKABAAAAAEhCgAYAAAAAIAkBGgAAAACAJARoAAAAAACS\nEKABAAAAAEhCgAYAAAAAIAkBGgAAAACAJARoAAAAAACSEKABAAAAAEhCgAYAAAAAIAkBGgAAAACA\nJARoAAAAAACSEKABAAAAAEhCgAYAAAAAIAkBGgAAAACAJARoAAAAAACSEKABAAAAAEiieLAHAIaf\nXC4XI0eOjNmzZ8dZZ50VJ598...
[debug] &amp#27;[35m[W3C (059cff38)]&amp#27;[39m Responding to client with driver.getScreenshot() result: "iVBORw0KGgoAAAANSUhEUgAABaAAAAvgCAYAAAD3x5X5AAAABHNCSVQICAgIfAhkiAAAIABJREFU\neJzs3Xtw3XWd+P/XObknTa+UFlraYqH0AkVuliKFSoUVkbEKuMs67qzsuI474y44MrMsKurs4Ox+\nx3F3VnfUXQRR65XFCyAoWEqhtMit3NpCKb239Eabtrknn98fneRHae457yQNj8cMI5yc8/m80jaJ\nfead9zt38803ZwEAAAAAAAWWH+wBAAAAAAAYngRoAAAAAACSEKABAAAAAEhCgAYAAAAAIAkBGgAA\nAACAJARoAAAAAACSEKABAAAAAEhCgAYAAAAAIAkBGgAAAACAJARoAAAAAACSEKABAAAAAEhCgAYA\nAAAAIAkBGgAAAACAJARoAAAAAACSEKABAAAAAEhCgAYAAAAAIAkBGgAAAACAJARoAAAAAACSEKAB\nAAAAAEhCgAYAAAAAIAkBGgAAAACAJARoAAAAAACSEKABAAAAAEhCgAYAAAAAIAkBGgAAAACAJARo\nAAAAAACSEKABAAAAAEhCgAYAAAAAIAkBGgAAAACAJARoAAAAAACSEKABAAAAAEhCgAYAAAAAIAkB\nGgAAAACAJARoAAAAAACSEKABAAAAAEhCgAYAAAAAIAkBGgAAAACAJARoAAAAAACSEKABAAAAAEhC\ngAYAAAAAIAkBGgAAAACAJARoAAAAAACSEKABAAAAAEhCgAYAAAAAIAkBGgAAAACAJARoAAAAAACS\nEKABAAAAAEhCgAYAAAAAIAkBGgAAAACAJARoAAAAAACSEKABAAAAAEhCgAYAAAAAIAkBGgAAAACA\nJARoAAAAAACSEKABAAAAAEhCgAYAAAAAIAkBGgAAAACAJARoAAAAAACSEKABAAAAAEiieLAHAIaf\nXC4XI0eOjNmzZ8dZZ50VJ598clRUVHT6/AMHDsSWLVviueeei9dffz3q6+sjy7IBnBgAAACAFARo\noCByuV...
&amp#27;[35m[HTTP]&amp#27;[39m &amp#27;[37m<-- GET /wd/hub/session/059cff38-23c6-4ec1-b668-a2ef75d16654/screenshot &amp#27;[39m&amp#27;[32m200&amp#27;[39m &amp#27;[90m1017 ms - 483322&amp#27;[39m
&amp#27;[35m[HTTP]&amp#27;[39m &amp#27;[90m&amp#27;[39m

    Embedding Login with invalid user name [image/png 353187 bytes]

&amp#27;[35m[HTTP]&amp#27;[39m &amp#27;[37m-->&amp#27;[39m &amp#27;[37mPOST&amp#27;[39m &amp#27;[37m/wd/hub/session/059cff38-23c6-4ec1-b668-a2ef75d16654/appium/stop_recording_screen&amp#27;[39m
&amp#27;[35m[HTTP]&amp#27;[39m &amp#27;[90m{}&amp#27;[39m
[debug] &amp#27;[35m[W3C (059cff38)]&amp#27;[39m Calling AppiumDriver.stopRecordingScreen() with args: [null,"059cff38-23c6-4ec1-b668-a2ef75d16654"]
[debug] &amp#27;[35m[ADB]&amp#27;[39m Getting IDs of all 'screenrecord' processes
[debug] &amp#27;[35m[ADB]&amp#27;[39m Running 'C:\Users\Qadir\AppData\Local\Android\Sdk\platform-tools\adb.exe -P 5037 -s emulator-5554 shell pgrep -f \(\[\[:blank:\]\]\|\^\)screenrecord\(\[\[:blank:\]\]\|\$\)'
[debug] &amp#27;[35m[ADB]&amp#27;[39m Running 'C:\Users\Qadir\AppData\Local\Android\Sdk\platform-tools\adb.exe -P 5037 -s emulator-5554 pull /sdcard/be915396.mp4 C:\Users\Qadir\AppData\Local\Temp\2021521-12992-14nv1db.eslw\be915396.mp4'
[debug] &amp#27;[35m[ADB]&amp#27;[39m Running 'C:\Users\Qadir\AppData\Local\Android\Sdk\platform-tools\adb.exe -P 5037 -s emulator-5554 shell rm -rf /sdcard/be915396.mp4'
[debug] &amp#27;[35m[AndroidDriver]&amp#27;[39m The size of the resulting screen recording is 0 B
[debug] &amp#27;[35m[W3C (059cff38)]&amp#27;[39m Responding to client with driver.stopRecordingScreen() result: ""
&amp#27;[35m[HTTP]&amp#27;[39m &amp#27;[37m<-- POST /wd/hub/session/059cff38-23c6-4ec1-b668-a2ef75d16654/appium/stop_recording_screen &amp#27;[39m&amp#27;[32m200&amp#27;[39m &amp#27;[90m397 ms - 12&amp#27;[39m
&amp#27;[35m[HTTP]&amp#27;[39m &amp#27;[90m&amp#27;[39m
[INFO ] 2021-06-21 17:56:49.961 com.qa.utils.VideoManager:36 - video path: Android_Android_Pixel4\Videos\Login with invalid user name.mp4
]]></system-out>
    <system-err><![CDATA[Jun 21, 2021 5:56:25 PM net.masterthought.cucumber.ReportParser parseJsonFiles
INFO: File 'C:\Users\Qadir\AppData\Local\Temp\cucumber4146751112310201226.json' contains 1 features
┌───────────────────────────────────────────────────────────────────────────────────┐
│ Share your Cucumber Report with your team at https://reports.cucumber.io          │
│ Activate publishing with one of the following:                                    │
│                                                                                   │
│ src/test/resources/cucumber.properties:          cucumber.publish.enabled=true    │
│ src/test/resources/junit-platform.properties:    cucumber.publish.enabled=true    │
│ Environment variable:                            CUCUMBER_PUBLISH_ENABLED=true    │
│ JUnit:                                           @CucumberOptions(publish = true) │
│                                                                                   │
│ More information at https://reports.cucumber.io/docs/cucumber-jvm                 │
│                                                                                   │
│ Disable this message with one of the following:                                   │
│                                                                                   │
│ src/test/resources/cucumber.properties:          cucumber.publish.quiet=true      │
│ src/test/resources/junit-platform.properties:    cucumber.publish.quiet=true      │
└───────────────────────────────────────────────────────────────────────────────────┘
Jun 21, 2021 5:56:32 PM io.appium.java_client.remote.AppiumCommandExecutor$1 lambda$0
INFO: Detected dialect: W3C
]]></system-err>
  </testcase>
</testsuite>